[35m[Appium][39m Welcome to Appium v1.22.3
[35m[Appium][39m Non-default server args:
[35m[Appium][39m   port: 56031
[35m[Appium][39m   loglevel: info
[35m[Appium][39m   tmpDir: C:\Users\LENOVO\AppData\Local\Temp\\Katalon\Appium\Temp1685283462397
[35m[Appium][39m   chromedriverPort: 56032
[35m[Appium][39m Deprecated server args:
[35m[Appium][39m   [31m--chromedriver-port[39m => --default-capabilities
[35m[Appium][39m Default capabilities, which will be added to each request unless overridden by desired capabilities:
[35m[Appium][39m   chromedriverPort: 56032
[35m[Appium][39m Appium REST http interface listener started on 0.0.0.0:56031
[35m[HTTP][39m [37m-->[39m [37mGET[39m [37m/wd/hub/status[39m
[35m[HTTP][39m [90m{}[39m
[35m[HTTP][39m [37m<-- GET /wd/hub/status [39m[32m200[39m [90m16 ms - 68[39m
[35m[HTTP][39m [90m[39m
[35m[HTTP][39m [37m-->[39m [37mGET[39m [37m/wd/hub/status[39m
[35m[HTTP][39m [90m{}[39m
[35m[HTTP][39m [37m<-- GET /wd/hub/status [39m[32m200[39m [90m3 ms - 68[39m
[35m[HTTP][39m [90m[39m
[35m[HTTP][39m [37m-->[39m [37mPOST[39m [37m/wd/hub/session[39m
[35m[HTTP][39m [90m{"desiredCapabilities":{"appActivity":".Settings","appPackage":"com.android.settings","newCommandTimeout":1800,"platformVersion":"10","automationName":"uiautomator2","autoGrantPermissions":true,"platformName":"Android","udid":"a931d40b0410","deviceName":"Xiaomi M2003J15SC (Android 10)","platform":"ANDROID","systemPort":8283},"capabilities":{"firstMatch":[{"appium:appActivity":".Settings","appium:appPackage":"com.android.settings","appium:autoGrantPermissions":true,"appium:automationName":"uiautomator2","appium:deviceName":"Xiaomi M2003J15SC (Android 10)","appium:newCommandTimeout":1800,"platform":"ANDROID","platformName":"android","appium:platformVersion":"10","appium:systemPort":8283,"appium:udid":"a931d40b0410"}]}}[39m
[35m[BaseDriver][39m The following capabilities are not standard capabilities and should have an extension prefix:
[35m[BaseDriver][39m   platform
[35m[BaseDriver][39m   chromedriverPort
[35m[Appium][39m Appium v1.22.3 creating new AndroidUiautomator2Driver (v1.70.1) session
[35m[BaseDriver][39m The following capabilities were provided, but are not recognized by Appium:
[35m[BaseDriver][39m   platform
[35m[BaseDriver][39m Session created with session id: 57856d82-3c42-492e-8a66-22173b9f23f7
[35m[UiAutomator2][39m Starting 'com.android.settings' directly on the device
[35m[ADB][39m Found 2 'build-tools' folders under 'C:\Users\LENOVO\AppData\Local\Android\Sdk' (newest first):
[35m[ADB][39m     C:/Users/LENOVO/AppData/Local/Android/Sdk/build-tools/33.0.2
[35m[ADB][39m     C:/Users/LENOVO/AppData/Local/Android/Sdk/build-tools/30.0.3
[35m[ADB][39m Using 'adb.exe' from 'C:\Users\LENOVO\AppData\Local\Android\Sdk\platform-tools\adb.exe'
[35m[AndroidDriver][39m Retrieving device list
[35m[AndroidDriver][39m Using device: a931d40b0410
[35m[ADB][39m Using 'adb.exe' from 'C:\Users\LENOVO\AppData\Local\Android\Sdk\platform-tools\adb.exe'
[35m[ADB][39m Getting device platform version
[35m[UiAutomator2][39m Relaxing hidden api policy
[35m[AndroidDriver][39m No app sent in, not parsing package/activity
[35m[ADB][39m Using 'apksigner.jar' from 'C:\Users\LENOVO\AppData\Local\Android\Sdk\build-tools\33.0.2\lib\apksigner.jar'
[35m[ADB][39m 'C:\Users\LENOVO\AppData\Roaming\npm\node_modules\appium\node_modules\appium-uiautomator2-server\apks\appium-uiautomator2-server-v4.27.0.apk' is signed with the default certificate
[35m[ADB][39m 'C:\Users\LENOVO\AppData\Roaming\npm\node_modules\appium\node_modules\appium-uiautomator2-server\apks\appium-uiautomator2-server-debug-androidTest.apk' is signed with the default certificate
[35m[UiAutomator2][39m Server packages are not going to be (re)installed
[35m[ADB][39m Adding packages ["io.appium.settings","io.appium.uiautomator2.server","io.appium.uiautomator2.server.test"] to Doze whitelist
[35m[UiAutomator2][39m Starting UIAutomator2 server 4.27.0
[35m[UiAutomator2][39m Using UIAutomator2 server from 'C:\Users\LENOVO\AppData\Roaming\npm\node_modules\appium\node_modules\appium-uiautomator2-server\apks\appium-uiautomator2-server-v4.27.0.apk' and test from 'C:\Users\LENOVO\AppData\Roaming\npm\node_modules\appium\node_modules\appium-uiautomator2-server\apks\appium-uiautomator2-server-debug-androidTest.apk'
[35m[UiAutomator2][39m Waiting up to 30000ms for UiAutomator2 to be online...
[35m[WD Proxy][39m socket hang up
[35m[WD Proxy][39m socket hang up
[35m[WD Proxy][39m socket hang up
[35m[WD Proxy][39m Determined the downstream protocol as 'W3C'
[35m[AndroidDriver][39m Screen already unlocked, doing nothing
[35m[UiAutomator2][39m Starting 'com.android.settings/.Settings and waiting for 'com.android.settings/.Settings'
[35m[Appium][39m New AndroidUiautomator2Driver session created successfully, session 57856d82-3c42-492e-8a66-22173b9f23f7 added to master session list
[35m[HTTP][39m [37m<-- POST /wd/hub/session [39m[32m200[39m [90m10626 ms - 1165[39m
[35m[HTTP][39m [90m[39m
[35m[HTTP][39m [37m-->[39m [37mGET[39m [37m/wd/hub/session/57856d82-3c42-492e-8a66-22173b9f23f7[39m
[35m[HTTP][39m [90m{}[39m
[35m[HTTP][39m [37m<-- GET /wd/hub/session/57856d82-3c42-492e-8a66-22173b9f23f7 [39m[32m200[39m [90m24 ms - 1119[39m
[35m[HTTP][39m [90m[39m
[35m[HTTP][39m [37m-->[39m [37mGET[39m [37m/wd/hub/session/57856d82-3c42-492e-8a66-22173b9f23f7[39m
[35m[HTTP][39m [90m{}[39m
[35m[HTTP][39m [37m<-- GET /wd/hub/session/57856d82-3c42-492e-8a66-22173b9f23f7 [39m[32m200[39m [90m17 ms - 1119[39m
[35m[HTTP][39m [90m[39m
[35m[HTTP][39m [37m-->[39m [37mGET[39m [37m/wd/hub/status[39m
[35m[HTTP][39m [90m{}[39m
[35m[HTTP][39m [37m<-- GET /wd/hub/status [39m[32m200[39m [90m2 ms - 68[39m
[35m[HTTP][39m [90m[39m
[35m[HTTP][39m [37m-->[39m [37mPOST[39m [37m/wd/hub/session/57856d82-3c42-492e-8a66-22173b9f23f7/timeouts[39m
[35m[HTTP][39m [90m{"implicit":60000}[39m
[35m[HTTP][39m [37m<-- POST /wd/hub/session/57856d82-3c42-492e-8a66-22173b9f23f7/timeouts [39m[32m200[39m [90m4 ms - 14[39m
[35m[HTTP][39m [90m[39m
[35m[HTTP][39m [37m-->[39m [37mGET[39m [37m/wd/hub/session/57856d82-3c42-492e-8a66-22173b9f23f7/screenshot[39m
[35m[HTTP][39m [90m{}[39m
[35m[HTTP][39m [37m<-- GET /wd/hub/session/57856d82-3c42-492e-8a66-22173b9f23f7/screenshot [39m[32m200[39m [90m808 ms - 171378[39m
[35m[HTTP][39m [90m[39m
[35m[HTTP][39m [37m-->[39m [37mGET[39m [37m/wd/hub/session/57856d82-3c42-492e-8a66-22173b9f23f7/window/rect[39m
[35m[HTTP][39m [90m{}[39m
[35m[HTTP][39m [37m<-- GET /wd/hub/session/57856d82-3c42-492e-8a66-22173b9f23f7/window/rect [39m[32m200[39m [90m21 ms - 50[39m
[35m[HTTP][39m [90m[39m
[35m[HTTP][39m [37m-->[39m [37mGET[39m [37m/wd/hub/session/57856d82-3c42-492e-8a66-22173b9f23f7/appium/device/system_bars[39m
[35m[HTTP][39m [90m{}[39m
[35m[HTTP][39m [37m<-- GET /wd/hub/session/57856d82-3c42-492e-8a66-22173b9f23f7/appium/device/system_bars [39m[32m200[39m [90m97 ms - 149[39m
[35m[HTTP][39m [90m[39m
[35m[HTTP][39m [37m-->[39m [37mPOST[39m [37m/wd/hub/session/57856d82-3c42-492e-8a66-22173b9f23f7/appium/device/activate_app[39m
[35m[HTTP][39m [90m{"bundleId":"com.ecwid.ShopAt.HappyDayShopping"}[39m
[35m[HTTP][39m [37m<-- POST /wd/hub/session/57856d82-3c42-492e-8a66-22173b9f23f7/appium/device/activate_app [39m[32m200[39m [90m516 ms - 14[39m
[35m[HTTP][39m [90m[39m
[35m[HTTP][39m [37m-->[39m [37mGET[39m [37m/wd/hub/session/57856d82-3c42-492e-8a66-22173b9f23f7/source[39m
[35m[HTTP][39m [90m{}[39m
[35m[W3C (57856d82)][39m Driver proxy active, passing request on via HTTP proxy
[35m[WD Proxy][39m Replacing sessionId 5a8dcbbc-ea23-4ea8-a005-eb62b35905f3 with 57856d82-3c42-492e-8a66-22173b9f23f7
[35m[HTTP][39m [37m<-- GET /wd/hub/session/57856d82-3c42-492e-8a66-22173b9f23f7/source [39m[32m200[39m [90m1535 ms - 1923[39m
[35m[HTTP][39m [90m[39m
[35m[HTTP][39m [37m-->[39m [37mGET[39m [37m/wd/hub/session/57856d82-3c42-492e-8a66-22173b9f23f7/screenshot[39m
[35m[HTTP][39m [90m{}[39m
[35m[HTTP][39m [37m<-- GET /wd/hub/session/57856d82-3c42-492e-8a66-22173b9f23f7/screenshot [39m[32m200[39m [90m817 ms - 252450[39m
[35m[HTTP][39m [90m[39m
[35m[HTTP][39m [37m-->[39m [37mGET[39m [37m/wd/hub/session/57856d82-3c42-492e-8a66-22173b9f23f7/source[39m
[35m[HTTP][39m [90m{}[39m
[35m[W3C (57856d82)][39m Driver proxy active, passing request on via HTTP proxy
[35m[WD Proxy][39m Replacing sessionId 5a8dcbbc-ea23-4ea8-a005-eb62b35905f3 with 57856d82-3c42-492e-8a66-22173b9f23f7
[35m[HTTP][39m [37m<-- GET /wd/hub/session/57856d82-3c42-492e-8a66-22173b9f23f7/source [39m[32m200[39m [90m501 ms - 32666[39m
[35m[HTTP][39m [90m[39m
[35m[HTTP][39m [37m-->[39m [37mGET[39m [37m/wd/hub/session/57856d82-3c42-492e-8a66-22173b9f23f7/screenshot[39m
[35m[HTTP][39m [90m{}[39m
[35m[HTTP][39m [37m<-- GET /wd/hub/session/57856d82-3c42-492e-8a66-22173b9f23f7/screenshot [39m[32m200[39m [90m1611 ms - 1949372[39m
[35m[HTTP][39m [90m[39m
[35m[HTTP][39m [37m-->[39m [37mGET[39m [37m/wd/hub/session/57856d82-3c42-492e-8a66-22173b9f23f7/source[39m
[35m[HTTP][39m [90m{}[39m
[35m[W3C (57856d82)][39m Driver proxy active, passing request on via HTTP proxy
[35m[WD Proxy][39m Replacing sessionId 5a8dcbbc-ea23-4ea8-a005-eb62b35905f3 with 57856d82-3c42-492e-8a66-22173b9f23f7
[35m[HTTP][39m [37m<-- GET /wd/hub/session/57856d82-3c42-492e-8a66-22173b9f23f7/source [39m[32m200[39m [90m400 ms - 32666[39m
[35m[HTTP][39m [90m[39m
[35m[HTTP][39m [37m-->[39m [37mGET[39m [37m/wd/hub/session/57856d82-3c42-492e-8a66-22173b9f23f7/screenshot[39m
[35m[HTTP][39m [90m{}[39m
[35m[HTTP][39m [37m<-- GET /wd/hub/session/57856d82-3c42-492e-8a66-22173b9f23f7/screenshot [39m[32m200[39m [90m1594 ms - 1949372[39m
[35m[HTTP][39m [90m[39m
[35m[HTTP][39m [37m-->[39m [37mPOST[39m [37m/wd/hub/session/57856d82-3c42-492e-8a66-22173b9f23f7/elements[39m
[35m[HTTP][39m [90m{"using":"xpath","value":"//*[@class = 'android.view.ViewGroup' and (@text = '' or . = '')]"}[39m
[35m[HTTP][39m [37m<-- POST /wd/hub/session/57856d82-3c42-492e-8a66-22173b9f23f7/elements [39m[32m200[39m [90m903 ms - 4619[39m
[35m[HTTP][39m [90m[39m
[35m[HTTP][39m [37m-->[39m [37mPOST[39m [37m/wd/hub/session/57856d82-3c42-492e-8a66-22173b9f23f7/elements[39m
[35m[HTTP][39m [90m{"using":"-android uiautomator","value":"new UiSelector().className(\"android.view.ViewGroup\")"}[39m
[35m[HTTP][39m [37m<-- POST /wd/hub/session/57856d82-3c42-492e-8a66-22173b9f23f7/elements [39m[32m200[39m [90m2302 ms - 4619[39m
[35m[HTTP][39m [90m[39m
[35m[HTTP][39m [37m-->[39m [37mGET[39m [37m/wd/hub/session/57856d82-3c42-492e-8a66-22173b9f23f7/window/rect[39m
[35m[HTTP][39m [90m{}[39m
[35m[HTTP][39m [37m<-- GET /wd/hub/session/57856d82-3c42-492e-8a66-22173b9f23f7/window/rect [39m[32m200[39m [90m27 ms - 50[39m
[35m[HTTP][39m [90m[39m
[35m[HTTP][39m [37m-->[39m [37mPOST[39m [37m/wd/hub/session/57856d82-3c42-492e-8a66-22173b9f23f7/elements[39m
[35m[HTTP][39m [90m{"using":"xpath","value":"//hierarchy/android.widget.FrameLayout[1]/android.widget.LinearLayout[1]/android.widget.FrameLayout[1]/android.widget.LinearLayout[1]/android.widget.FrameLayout[1]/android.widget.FrameLayout[1]/android.view.ViewGroup[1]/android.view.ViewGroup[2]/android.view.ViewGroup[1]/android.view.ViewGroup[1]/android.view.ViewGroup[1]/android.view.ViewGroup[1]/android.view.ViewGroup[1]/android.view.ViewGroup[1]/android.view.ViewGroup[1]/android.widget.ScrollView[1]/android.view.ViewGroup[1]/android.widget.ScrollView[1]/android.view.ViewGroup[1]/android.widget.ScrollView[1]/android.view.ViewGroup[1]/android.view.ViewGroup[2]/android.view.ViewGroup[1]/android.view.ViewGroup[1]/android.view.ViewGroup[1]"}[39m
[35m[HTTP][39m [37m<-- POST /wd/hub/session/57856d82-3c42-492e-8a66-22173b9f23f7/elements [39m[32m200[39m [90m233 ms - 139[39m
[35m[HTTP][39m [90m[39m
[35m[HTTP][39m [37m-->[39m [37mGET[39m [37m/wd/hub/session/57856d82-3c42-492e-8a66-22173b9f23f7/element/00000000-0000-0256-ffff-ffff0000009b/location[39m
[35m[HTTP][39m [90m{}[39m
[35m[W3C (57856d82)][39m Driver proxy active, passing request on via HTTP proxy
[35m[WD Proxy][39m Replacing sessionId 5a8dcbbc-ea23-4ea8-a005-eb62b35905f3 with 57856d82-3c42-492e-8a66-22173b9f23f7
[35m[HTTP][39m [37m<-- GET /wd/hub/session/57856d82-3c42-492e-8a66-22173b9f23f7/element/00000000-0000-0256-ffff-ffff0000009b/location [39m[32m200[39m [90m35 ms - 78[39m
[35m[HTTP][39m [90m[39m
[35m[HTTP][39m [37m-->[39m [37mPOST[39m [37m/wd/hub/session/57856d82-3c42-492e-8a66-22173b9f23f7/element/00000000-0000-0256-ffff-ffff0000009b/click[39m
[35m[HTTP][39m [90m{"id":"00000000-0000-0256-ffff-ffff0000009b"}[39m
[35m[HTTP][39m [37m<-- POST /wd/hub/session/57856d82-3c42-492e-8a66-22173b9f23f7/element/00000000-0000-0256-ffff-ffff0000009b/click [39m[32m200[39m [90m65 ms - 14[39m
[35m[HTTP][39m [90m[39m
[35m[HTTP][39m [37m-->[39m [37mGET[39m [37m/wd/hub/session/57856d82-3c42-492e-8a66-22173b9f23f7/source[39m
[35m[HTTP][39m [90m{}[39m
[35m[W3C (57856d82)][39m Driver proxy active, passing request on via HTTP proxy
[35m[WD Proxy][39m Replacing sessionId 5a8dcbbc-ea23-4ea8-a005-eb62b35905f3 with 57856d82-3c42-492e-8a66-22173b9f23f7
[35m[HTTP][39m [37m<-- GET /wd/hub/session/57856d82-3c42-492e-8a66-22173b9f23f7/source [39m[32m200[39m [90m1000 ms - 24852[39m
[35m[HTTP][39m [90m[39m
[35m[HTTP][39m [37m-->[39m [37mGET[39m [37m/wd/hub/session/57856d82-3c42-492e-8a66-22173b9f23f7/screenshot[39m
[35m[HTTP][39m [90m{}[39m
[35m[HTTP][39m [37m<-- GET /wd/hub/session/57856d82-3c42-492e-8a66-22173b9f23f7/screenshot [39m[32m200[39m [90m686 ms - 81084[39m
[35m[HTTP][39m [90m[39m
[35m[HTTP][39m [37m-->[39m [37mGET[39m [37m/wd/hub/session/57856d82-3c42-492e-8a66-22173b9f23f7/source[39m
[35m[HTTP][39m [90m{}[39m
[35m[W3C (57856d82)][39m Driver proxy active, passing request on via HTTP proxy
[35m[WD Proxy][39m Replacing sessionId 5a8dcbbc-ea23-4ea8-a005-eb62b35905f3 with 57856d82-3c42-492e-8a66-22173b9f23f7
[35m[HTTP][39m [37m<-- GET /wd/hub/session/57856d82-3c42-492e-8a66-22173b9f23f7/source [39m[32m200[39m [90m583 ms - 40571[39m
[35m[HTTP][39m [90m[39m
[35m[HTTP][39m [37m-->[39m [37mGET[39m [37m/wd/hub/session/57856d82-3c42-492e-8a66-22173b9f23f7/screenshot[39m
[35m[HTTP][39m [90m{}[39m
[35m[HTTP][39m [37m<-- GET /wd/hub/session/57856d82-3c42-492e-8a66-22173b9f23f7/screenshot [39m[32m200[39m [90m1022 ms - 585846[39m
[35m[HTTP][39m [90m[39m
[35m[HTTP][39m [37m-->[39m [37mPOST[39m [37m/wd/hub/session/57856d82-3c42-492e-8a66-22173b9f23f7/elements[39m
[35m[HTTP][39m [90m{"using":"xpath","value":"//*[@class = 'android.view.ViewGroup' and (@text = '' or . = '')]"}[39m
[35m[HTTP][39m [37m<-- POST /wd/hub/session/57856d82-3c42-492e-8a66-22173b9f23f7/elements [39m[32m200[39m [90m377 ms - 5643[39m
[35m[HTTP][39m [90m[39m
[35m[HTTP][39m [37m-->[39m [37mPOST[39m [37m/wd/hub/session/57856d82-3c42-492e-8a66-22173b9f23f7/elements[39m
[35m[HTTP][39m [90m{"using":"-android uiautomator","value":"new UiSelector().className(\"android.view.ViewGroup\")"}[39m
[35m[HTTP][39m [37m<-- POST /wd/hub/session/57856d82-3c42-492e-8a66-22173b9f23f7/elements [39m[32m200[39m [90m564 ms - 5643[39m
[35m[HTTP][39m [90m[39m
[35m[HTTP][39m [37m-->[39m [37mGET[39m [37m/wd/hub/session/57856d82-3c42-492e-8a66-22173b9f23f7/window/rect[39m
[35m[HTTP][39m [90m{}[39m
[35m[HTTP][39m [37m<-- GET /wd/hub/session/57856d82-3c42-492e-8a66-22173b9f23f7/window/rect [39m[32m200[39m [90m16 ms - 50[39m
[35m[HTTP][39m [90m[39m
[35m[HTTP][39m [37m-->[39m [37mPOST[39m [37m/wd/hub/session/57856d82-3c42-492e-8a66-22173b9f23f7/elements[39m
[35m[HTTP][39m [90m{"using":"xpath","value":"//hierarchy/android.widget.FrameLayout[1]/android.widget.LinearLayout[1]/android.widget.FrameLayout[1]/android.widget.LinearLayout[1]/android.widget.FrameLayout[1]/android.widget.FrameLayout[1]/android.view.ViewGroup[1]/android.view.ViewGroup[2]/android.view.ViewGroup[1]/android.view.ViewGroup[1]/android.view.ViewGroup[1]/android.view.ViewGroup[1]/android.view.ViewGroup[1]/android.view.ViewGroup[1]/android.view.ViewGroup[1]/android.widget.ScrollView[1]/android.view.ViewGroup[1]/android.widget.ScrollView[1]/android.view.ViewGroup[1]/android.view.ViewGroup[1]/android.view.ViewGroup[1]/android.view.ViewGroup[1]/android.view.ViewGroup[1]"}[39m
[35m[HTTP][39m [37m<-- POST /wd/hub/session/57856d82-3c42-492e-8a66-22173b9f23f7/elements [39m[32m200[39m [90m168 ms - 139[39m
[35m[HTTP][39m [90m[39m
[35m[HTTP][39m [37m-->[39m [37mGET[39m [37m/wd/hub/session/57856d82-3c42-492e-8a66-22173b9f23f7/element/00000000-0000-0256-ffff-ffff00000136/location[39m
[35m[HTTP][39m [90m{}[39m
[35m[W3C (57856d82)][39m Driver proxy active, passing request on via HTTP proxy
[35m[WD Proxy][39m Replacing sessionId 5a8dcbbc-ea23-4ea8-a005-eb62b35905f3 with 57856d82-3c42-492e-8a66-22173b9f23f7
[35m[HTTP][39m [37m<-- GET /wd/hub/session/57856d82-3c42-492e-8a66-22173b9f23f7/element/00000000-0000-0256-ffff-ffff00000136/location [39m[32m200[39m [90m25 ms - 77[39m
[35m[HTTP][39m [90m[39m
[35m[HTTP][39m [37m-->[39m [37mPOST[39m [37m/wd/hub/session/57856d82-3c42-492e-8a66-22173b9f23f7/element/00000000-0000-0256-ffff-ffff00000136/click[39m
[35m[HTTP][39m [90m{"id":"00000000-0000-0256-ffff-ffff00000136"}[39m
[35m[HTTP][39m [37m<-- POST /wd/hub/session/57856d82-3c42-492e-8a66-22173b9f23f7/element/00000000-0000-0256-ffff-ffff00000136/click [39m[32m200[39m [90m50 ms - 14[39m
[35m[HTTP][39m [90m[39m
[35m[HTTP][39m [37m-->[39m [37mGET[39m [37m/wd/hub/session/57856d82-3c42-492e-8a66-22173b9f23f7/source[39m
[35m[HTTP][39m [90m{}[39m
[35m[W3C (57856d82)][39m Driver proxy active, passing request on via HTTP proxy
[35m[WD Proxy][39m Replacing sessionId 5a8dcbbc-ea23-4ea8-a005-eb62b35905f3 with 57856d82-3c42-492e-8a66-22173b9f23f7
[35m[HTTP][39m [37m<-- GET /wd/hub/session/57856d82-3c42-492e-8a66-22173b9f23f7/source [39m[32m200[39m [90m261 ms - 24891[39m
[35m[HTTP][39m [90m[39m
[35m[HTTP][39m [37m-->[39m [37mGET[39m [37m/wd/hub/session/57856d82-3c42-492e-8a66-22173b9f23f7/screenshot[39m
[35m[HTTP][39m [90m{}[39m
[35m[HTTP][39m [37m<-- GET /wd/hub/session/57856d82-3c42-492e-8a66-22173b9f23f7/screenshot [39m[32m200[39m [90m1231 ms - 469782[39m
[35m[HTTP][39m [90m[39m
[35m[HTTP][39m [37m-->[39m [37mPOST[39m [37m/wd/hub/session/57856d82-3c42-492e-8a66-22173b9f23f7/elements[39m
[35m[HTTP][39m [90m{"using":"xpath","value":"//*[@class = 'android.widget.EditText' and (@text = '1' or . = '1')]"}[39m
[35m[HTTP][39m [37m<-- POST /wd/hub/session/57856d82-3c42-492e-8a66-22173b9f23f7/elements [39m[32m200[39m [90m1388 ms - 139[39m
[35m[HTTP][39m [90m[39m
[35m[HTTP][39m [37m-->[39m [37mGET[39m [37m/wd/hub/session/57856d82-3c42-492e-8a66-22173b9f23f7/window/rect[39m
[35m[HTTP][39m [90m{}[39m
[35m[HTTP][39m [37m<-- GET /wd/hub/session/57856d82-3c42-492e-8a66-22173b9f23f7/window/rect [39m[32m200[39m [90m24 ms - 50[39m
[35m[HTTP][39m [90m[39m
[35m[HTTP][39m [37m-->[39m [37mPOST[39m [37m/wd/hub/session/57856d82-3c42-492e-8a66-22173b9f23f7/elements[39m
[35m[HTTP][39m [90m{"using":"xpath","value":"//*[@class = 'android.widget.EditText' and (@text = '1' or . = '1')]"}[39m
[35m[HTTP][39m [37m<-- POST /wd/hub/session/57856d82-3c42-492e-8a66-22173b9f23f7/elements [39m[32m200[39m [90m253 ms - 139[39m
[35m[HTTP][39m [90m[39m
[35m[HTTP][39m [37m-->[39m [37mGET[39m [37m/wd/hub/session/57856d82-3c42-492e-8a66-22173b9f23f7/element/00000000-0000-0256-ffff-ffff00000180/location[39m
[35m[HTTP][39m [90m{}[39m
[35m[W3C (57856d82)][39m Driver proxy active, passing request on via HTTP proxy
[35m[WD Proxy][39m Replacing sessionId 5a8dcbbc-ea23-4ea8-a005-eb62b35905f3 with 57856d82-3c42-492e-8a66-22173b9f23f7
[35m[HTTP][39m [37m<-- GET /wd/hub/session/57856d82-3c42-492e-8a66-22173b9f23f7/element/00000000-0000-0256-ffff-ffff00000180/location [39m[32m200[39m [90m31 ms - 79[39m
[35m[HTTP][39m [90m[39m
[35m[HTTP][39m [37m-->[39m [37mPOST[39m [37m/wd/hub/session/57856d82-3c42-492e-8a66-22173b9f23f7/element/00000000-0000-0256-ffff-ffff00000180/clear[39m
[35m[HTTP][39m [90m{"id":"00000000-0000-0256-ffff-ffff00000180"}[39m
[35m[HTTP][39m [37m<-- POST /wd/hub/session/57856d82-3c42-492e-8a66-22173b9f23f7/element/00000000-0000-0256-ffff-ffff00000180/clear [39m[32m200[39m [90m37 ms - 14[39m
[35m[HTTP][39m [90m[39m
[35m[HTTP][39m [37m-->[39m [37mPOST[39m [37m/wd/hub/session/57856d82-3c42-492e-8a66-22173b9f23f7/element/00000000-0000-0256-ffff-ffff00000180/value[39m
[35m[HTTP][39m [90m{"id":"00000000-0000-0256-ffff-ffff00000180","text":"5","value":["5"]}[39m
[35m[HTTP][39m [37m<-- POST /wd/hub/session/57856d82-3c42-492e-8a66-22173b9f23f7/element/00000000-0000-0256-ffff-ffff00000180/value [39m[32m200[39m [90m1038 ms - 14[39m
[35m[HTTP][39m [90m[39m
[35m[HTTP][39m [37m-->[39m [37mGET[39m [37m/wd/hub/session/57856d82-3c42-492e-8a66-22173b9f23f7/source[39m
[35m[HTTP][39m [90m{}[39m
[35m[W3C (57856d82)][39m Driver proxy active, passing request on via HTTP proxy
[35m[WD Proxy][39m Replacing sessionId 5a8dcbbc-ea23-4ea8-a005-eb62b35905f3 with 57856d82-3c42-492e-8a66-22173b9f23f7
[35m[HTTP][39m [37m<-- GET /wd/hub/session/57856d82-3c42-492e-8a66-22173b9f23f7/source [39m[32m200[39m [90m399 ms - 24891[39m
[35m[HTTP][39m [90m[39m
[35m[HTTP][39m [37m-->[39m [37mGET[39m [37m/wd/hub/session/57856d82-3c42-492e-8a66-22173b9f23f7/screenshot[39m
[35m[HTTP][39m [90m{}[39m
[35m[HTTP][39m [37m<-- GET /wd/hub/session/57856d82-3c42-492e-8a66-22173b9f23f7/screenshot [39m[32m200[39m [90m889 ms - 470796[39m
[35m[HTTP][39m [90m[39m
[35m[HTTP][39m [37m-->[39m [37mPOST[39m [37m/wd/hub/session/57856d82-3c42-492e-8a66-22173b9f23f7/elements[39m
[35m[HTTP][39m [90m{"using":"xpath","value":"//*[@class = 'android.widget.TextView' and (@text = 'Add to Bag' or . = 'Add to Bag')]"}[39m
[35m[HTTP][39m [37m<-- POST /wd/hub/session/57856d82-3c42-492e-8a66-22173b9f23f7/elements [39m[32m200[39m [90m216 ms - 139[39m
[35m[HTTP][39m [90m[39m
[35m[HTTP][39m [37m-->[39m [37mGET[39m [37m/wd/hub/session/57856d82-3c42-492e-8a66-22173b9f23f7/window/rect[39m
[35m[HTTP][39m [90m{}[39m
[35m[HTTP][39m [37m<-- GET /wd/hub/session/57856d82-3c42-492e-8a66-22173b9f23f7/window/rect [39m[32m200[39m [90m24 ms - 50[39m
[35m[HTTP][39m [90m[39m
[35m[HTTP][39m [37m-->[39m [37mPOST[39m [37m/wd/hub/session/57856d82-3c42-492e-8a66-22173b9f23f7/elements[39m
[35m[HTTP][39m [90m{"using":"xpath","value":"//*[@class = 'android.widget.TextView' and (@text = 'Add to Bag' or . = 'Add to Bag')]"}[39m
[35m[HTTP][39m [37m<-- POST /wd/hub/session/57856d82-3c42-492e-8a66-22173b9f23f7/elements [39m[32m200[39m [90m804 ms - 139[39m
[35m[HTTP][39m [90m[39m
[35m[HTTP][39m [37m-->[39m [37mGET[39m [37m/wd/hub/session/57856d82-3c42-492e-8a66-22173b9f23f7/element/00000000-0000-0256-ffff-ffff00000182/location[39m
[35m[HTTP][39m [90m{}[39m
[35m[W3C (57856d82)][39m Driver proxy active, passing request on via HTTP proxy
[35m[WD Proxy][39m Replacing sessionId 5a8dcbbc-ea23-4ea8-a005-eb62b35905f3 with 57856d82-3c42-492e-8a66-22173b9f23f7
[35m[HTTP][39m [37m<-- GET /wd/hub/session/57856d82-3c42-492e-8a66-22173b9f23f7/element/00000000-0000-0256-ffff-ffff00000182/location [39m[32m200[39m [90m810 ms - 78[39m
[35m[HTTP][39m [90m[39m
[35m[HTTP][39m [37m-->[39m [37mPOST[39m [37m/wd/hub/session/57856d82-3c42-492e-8a66-22173b9f23f7/element/00000000-0000-0256-ffff-ffff00000182/click[39m
[35m[HTTP][39m [90m{"id":"00000000-0000-0256-ffff-ffff00000182"}[39m
[35m[HTTP][39m [37m<-- POST /wd/hub/session/57856d82-3c42-492e-8a66-22173b9f23f7/element/00000000-0000-0256-ffff-ffff00000182/click [39m[32m200[39m [90m70 ms - 14[39m
[35m[HTTP][39m [90m[39m
[35m[HTTP][39m [37m-->[39m [37mGET[39m [37m/wd/hub/session/57856d82-3c42-492e-8a66-22173b9f23f7/source[39m
[35m[HTTP][39m [90m{}[39m
[35m[W3C (57856d82)][39m Driver proxy active, passing request on via HTTP proxy
[35m[WD Proxy][39m Replacing sessionId 5a8dcbbc-ea23-4ea8-a005-eb62b35905f3 with 57856d82-3c42-492e-8a66-22173b9f23f7
[35m[HTTP][39m [37m<-- GET /wd/hub/session/57856d82-3c42-492e-8a66-22173b9f23f7/source [39m[32m200[39m [90m727 ms - 25810[39m
[35m[HTTP][39m [90m[39m
[35m[HTTP][39m [37m-->[39m [37mGET[39m [37m/wd/hub/session/57856d82-3c42-492e-8a66-22173b9f23f7/screenshot[39m
[35m[HTTP][39m [90m{}[39m
[35m[HTTP][39m [37m<-- GET /wd/hub/session/57856d82-3c42-492e-8a66-22173b9f23f7/screenshot [39m[32m200[39m [90m853 ms - 465016[39m
[35m[HTTP][39m [90m[39m
[35m[HTTP][39m [37m-->[39m [37mPOST[39m [37m/wd/hub/session/57856d82-3c42-492e-8a66-22173b9f23f7/elements[39m
[35m[HTTP][39m [90m{"using":"xpath","value":"//*[@class = 'android.view.ViewGroup' and (@text = '' or . = '')]"}[39m
[35m[HTTP][39m [37m<-- POST /wd/hub/session/57856d82-3c42-492e-8a66-22173b9f23f7/elements [39m[32m200[39m [90m241 ms - 3467[39m
[35m[HTTP][39m [90m[39m
[35m[HTTP][39m [37m-->[39m [37mPOST[39m [37m/wd/hub/session/57856d82-3c42-492e-8a66-22173b9f23f7/elements[39m
[35m[HTTP][39m [90m{"using":"-android uiautomator","value":"new UiSelector().className(\"android.view.ViewGroup\")"}[39m
[35m[HTTP][39m [37m<-- POST /wd/hub/session/57856d82-3c42-492e-8a66-22173b9f23f7/elements [39m[32m200[39m [90m452 ms - 3467[39m
[35m[HTTP][39m [90m[39m
[35m[HTTP][39m [37m-->[39m [37mGET[39m [37m/wd/hub/session/57856d82-3c42-492e-8a66-22173b9f23f7/window/rect[39m
[35m[HTTP][39m [90m{}[39m
[35m[HTTP][39m [37m<-- GET /wd/hub/session/57856d82-3c42-492e-8a66-22173b9f23f7/window/rect [39m[32m200[39m [90m24 ms - 50[39m
[35m[HTTP][39m [90m[39m
[35m[HTTP][39m [37m-->[39m [37mPOST[39m [37m/wd/hub/session/57856d82-3c42-492e-8a66-22173b9f23f7/elements[39m
[35m[HTTP][39m [90m{"using":"xpath","value":"//hierarchy/android.widget.FrameLayout[1]/android.widget.LinearLayout[1]/android.widget.FrameLayout[1]/android.widget.LinearLayout[1]/android.widget.FrameLayout[1]/android.widget.FrameLayout[1]/android.view.ViewGroup[1]/android.view.ViewGroup[2]/android.view.ViewGroup[2]/android.view.ViewGroup[3]/android.view.ViewGroup[1]"}[39m
[35m[HTTP][39m [37m<-- POST /wd/hub/session/57856d82-3c42-492e-8a66-22173b9f23f7/elements [39m[32m200[39m [90m171 ms - 139[39m
[35m[HTTP][39m [90m[39m
[35m[HTTP][39m [37m-->[39m [37mGET[39m [37m/wd/hub/session/57856d82-3c42-492e-8a66-22173b9f23f7/element/00000000-0000-0256-ffff-ffff0000019f/location[39m
[35m[HTTP][39m [90m{}[39m
[35m[W3C (57856d82)][39m Driver proxy active, passing request on via HTTP proxy
[35m[WD Proxy][39m Replacing sessionId 5a8dcbbc-ea23-4ea8-a005-eb62b35905f3 with 57856d82-3c42-492e-8a66-22173b9f23f7
[35m[HTTP][39m [37m<-- GET /wd/hub/session/57856d82-3c42-492e-8a66-22173b9f23f7/element/00000000-0000-0256-ffff-ffff0000019f/location [39m[32m200[39m [90m28 ms - 79[39m
[35m[HTTP][39m [90m[39m
[35m[HTTP][39m [37m-->[39m [37mPOST[39m [37m/wd/hub/session/57856d82-3c42-492e-8a66-22173b9f23f7/element/00000000-0000-0256-ffff-ffff0000019f/click[39m
[35m[HTTP][39m [90m{"id":"00000000-0000-0256-ffff-ffff0000019f"}[39m
[35m[HTTP][39m [37m<-- POST /wd/hub/session/57856d82-3c42-492e-8a66-22173b9f23f7/element/00000000-0000-0256-ffff-ffff0000019f/click [39m[32m200[39m [90m59 ms - 14[39m
[35m[HTTP][39m [90m[39m
[35m[HTTP][39m [37m-->[39m [37mGET[39m [37m/wd/hub/session/57856d82-3c42-492e-8a66-22173b9f23f7/source[39m
[35m[HTTP][39m [90m{}[39m
[35m[W3C (57856d82)][39m Driver proxy active, passing request on via HTTP proxy
[35m[WD Proxy][39m Replacing sessionId 5a8dcbbc-ea23-4ea8-a005-eb62b35905f3 with 57856d82-3c42-492e-8a66-22173b9f23f7
[35m[HTTP][39m [37m<-- GET /wd/hub/session/57856d82-3c42-492e-8a66-22173b9f23f7/source [39m[32m200[39m [90m363 ms - 23693[39m
[35m[HTTP][39m [90m[39m
[35m[HTTP][39m [37m-->[39m [37mGET[39m [37m/wd/hub/session/57856d82-3c42-492e-8a66-22173b9f23f7/screenshot[39m
[35m[HTTP][39m [90m{}[39m
[35m[HTTP][39m [37m<-- GET /wd/hub/session/57856d82-3c42-492e-8a66-22173b9f23f7/screenshot [39m[32m200[39m [90m707 ms - 110880[39m
[35m[HTTP][39m [90m[39m
[35m[HTTP][39m [37m-->[39m [37mPOST[39m [37m/wd/hub/session/57856d82-3c42-492e-8a66-22173b9f23f7/elements[39m
[35m[HTTP][39m [90m{"using":"xpath","value":"//*[@class = 'android.widget.TextView' and (@text = 'Checkout' or . = 'Checkout')]"}[39m
[35m[HTTP][39m [37m<-- POST /wd/hub/session/57856d82-3c42-492e-8a66-22173b9f23f7/elements [39m[32m200[39m [90m173 ms - 139[39m
[35m[HTTP][39m [90m[39m
[35m[HTTP][39m [37m-->[39m [37mGET[39m [37m/wd/hub/session/57856d82-3c42-492e-8a66-22173b9f23f7/window/rect[39m
[35m[HTTP][39m [90m{}[39m
[35m[HTTP][39m [37m<-- GET /wd/hub/session/57856d82-3c42-492e-8a66-22173b9f23f7/window/rect [39m[32m200[39m [90m22 ms - 50[39m
[35m[HTTP][39m [90m[39m
[35m[HTTP][39m [37m-->[39m [37mPOST[39m [37m/wd/hub/session/57856d82-3c42-492e-8a66-22173b9f23f7/elements[39m
[35m[HTTP][39m [90m{"using":"xpath","value":"//*[@class = 'android.widget.TextView' and (@text = 'Checkout' or . = 'Checkout')]"}[39m
[35m[HTTP][39m [37m<-- POST /wd/hub/session/57856d82-3c42-492e-8a66-22173b9f23f7/elements [39m[32m200[39m [90m748 ms - 139[39m
[35m[HTTP][39m [90m[39m
[35m[HTTP][39m [37m-->[39m [37mGET[39m [37m/wd/hub/session/57856d82-3c42-492e-8a66-22173b9f23f7/element/00000000-0000-0256-ffff-ffff0000019e/location[39m
[35m[HTTP][39m [90m{}[39m
[35m[W3C (57856d82)][39m Driver proxy active, passing request on via HTTP proxy
[35m[WD Proxy][39m Replacing sessionId 5a8dcbbc-ea23-4ea8-a005-eb62b35905f3 with 57856d82-3c42-492e-8a66-22173b9f23f7
[35m[HTTP][39m [37m<-- GET /wd/hub/session/57856d82-3c42-492e-8a66-22173b9f23f7/element/00000000-0000-0256-ffff-ffff0000019e/location [39m[32m200[39m [90m26 ms - 77[39m
[35m[HTTP][39m [90m[39m
[35m[HTTP][39m [37m-->[39m [37mPOST[39m [37m/wd/hub/session/57856d82-3c42-492e-8a66-22173b9f23f7/element/00000000-0000-0256-ffff-ffff0000019e/click[39m
[35m[HTTP][39m [90m{"id":"00000000-0000-0256-ffff-ffff0000019e"}[39m
[35m[HTTP][39m [37m<-- POST /wd/hub/session/57856d82-3c42-492e-8a66-22173b9f23f7/element/00000000-0000-0256-ffff-ffff0000019e/click [39m[32m200[39m [90m60 ms - 14[39m
[35m[HTTP][39m [90m[39m
[35m[HTTP][39m [37m-->[39m [37mGET[39m [37m/wd/hub/session/57856d82-3c42-492e-8a66-22173b9f23f7/source[39m
[35m[HTTP][39m [90m{}[39m
[35m[W3C (57856d82)][39m Driver proxy active, passing request on via HTTP proxy
[35m[WD Proxy][39m Replacing sessionId 5a8dcbbc-ea23-4ea8-a005-eb62b35905f3 with 57856d82-3c42-492e-8a66-22173b9f23f7
[35m[HTTP][39m [37m<-- GET /wd/hub/session/57856d82-3c42-492e-8a66-22173b9f23f7/source [39m[32m200[39m [90m162 ms - 23693[39m
[35m[HTTP][39m [90m[39m
[35m[HTTP][39m [37m-->[39m [37mGET[39m [37m/wd/hub/session/57856d82-3c42-492e-8a66-22173b9f23f7/screenshot[39m
[35m[HTTP][39m [90m{}[39m
[35m[HTTP][39m [37m<-- GET /wd/hub/session/57856d82-3c42-492e-8a66-22173b9f23f7/screenshot [39m[32m200[39m [90m553 ms - 109012[39m
[35m[HTTP][39m [90m[39m
[35m[HTTP][39m [37m-->[39m [37mGET[39m [37m/wd/hub/session/57856d82-3c42-492e-8a66-22173b9f23f7/source[39m
[35m[HTTP][39m [90m{}[39m
[35m[W3C (57856d82)][39m Driver proxy active, passing request on via HTTP proxy
[35m[WD Proxy][39m Replacing sessionId 5a8dcbbc-ea23-4ea8-a005-eb62b35905f3 with 57856d82-3c42-492e-8a66-22173b9f23f7
[35m[HTTP][39m [37m<-- GET /wd/hub/session/57856d82-3c42-492e-8a66-22173b9f23f7/source [39m[32m200[39m [90m775 ms - 57382[39m
[35m[HTTP][39m [90m[39m
[35m[HTTP][39m [37m-->[39m [37mGET[39m [37m/wd/hub/session/57856d82-3c42-492e-8a66-22173b9f23f7/screenshot[39m
[35m[HTTP][39m [90m{}[39m
[35m[HTTP][39m [37m<-- GET /wd/hub/session/57856d82-3c42-492e-8a66-22173b9f23f7/screenshot [39m[32m200[39m [90m933 ms - 889374[39m
[35m[HTTP][39m [90m[39m
[35m[HTTP][39m [37m-->[39m [37mPOST[39m [37m/wd/hub/session/57856d82-3c42-492e-8a66-22173b9f23f7/elements[39m
[35m[HTTP][39m [90m{"using":"xpath","value":"//*[@class = 'android.widget.TextView' and (@text = '1' or . = '1')]"}[39m
[35m[HTTP][39m [37m<-- POST /wd/hub/session/57856d82-3c42-492e-8a66-22173b9f23f7/elements [39m[32m200[39m [90m491 ms - 139[39m
[35m[HTTP][39m [90m[39m
[35m[HTTP][39m [37m-->[39m [37mGET[39m [37m/wd/hub/session/57856d82-3c42-492e-8a66-22173b9f23f7/window/rect[39m
[35m[HTTP][39m [90m{}[39m
[35m[HTTP][39m [37m<-- GET /wd/hub/session/57856d82-3c42-492e-8a66-22173b9f23f7/window/rect [39m[32m200[39m [90m15 ms - 50[39m
[35m[HTTP][39m [90m[39m
[35m[HTTP][39m [37m-->[39m [37mPOST[39m [37m/wd/hub/session/57856d82-3c42-492e-8a66-22173b9f23f7/elements[39m
[35m[HTTP][39m [90m{"using":"xpath","value":"//*[@class = 'android.widget.TextView' and (@text = '1' or . = '1')]"}[39m
[35m[HTTP][39m [37m<-- POST /wd/hub/session/57856d82-3c42-492e-8a66-22173b9f23f7/elements [39m[32m200[39m [90m445 ms - 139[39m
[35m[HTTP][39m [90m[39m
[35m[HTTP][39m [37m-->[39m [37mGET[39m [37m/wd/hub/session/57856d82-3c42-492e-8a66-22173b9f23f7/element/00000000-0000-0242-0000-0d23000000c8/location[39m
[35m[HTTP][39m [90m{}[39m
[35m[W3C (57856d82)][39m Driver proxy active, passing request on via HTTP proxy
[35m[WD Proxy][39m Replacing sessionId 5a8dcbbc-ea23-4ea8-a005-eb62b35905f3 with 57856d82-3c42-492e-8a66-22173b9f23f7
[35m[HTTP][39m [37m<-- GET /wd/hub/session/57856d82-3c42-492e-8a66-22173b9f23f7/element/00000000-0000-0242-0000-0d23000000c8/location [39m[32m200[39m [90m25 ms - 78[39m
[35m[HTTP][39m [90m[39m
[35m[HTTP][39m [37m-->[39m [37mPOST[39m [37m/wd/hub/session/57856d82-3c42-492e-8a66-22173b9f23f7/element/00000000-0000-0242-0000-0d23000000c8/click[39m
[35m[HTTP][39m [90m{"id":"00000000-0000-0242-0000-0d23000000c8"}[39m
[35m[HTTP][39m [37m<-- POST /wd/hub/session/57856d82-3c42-492e-8a66-22173b9f23f7/element/00000000-0000-0242-0000-0d23000000c8/click [39m[32m200[39m [90m56 ms - 14[39m
[35m[HTTP][39m [90m[39m
[35m[HTTP][39m [37m-->[39m [37mGET[39m [37m/wd/hub/session/57856d82-3c42-492e-8a66-22173b9f23f7/source[39m
[35m[HTTP][39m [90m{}[39m
[35m[W3C (57856d82)][39m Driver proxy active, passing request on via HTTP proxy
[35m[WD Proxy][39m Replacing sessionId 5a8dcbbc-ea23-4ea8-a005-eb62b35905f3 with 57856d82-3c42-492e-8a66-22173b9f23f7
[35m[HTTP][39m [37m<-- GET /wd/hub/session/57856d82-3c42-492e-8a66-22173b9f23f7/source [39m[32m200[39m [90m1237 ms - 52227[39m
[35m[HTTP][39m [90m[39m
[35m[HTTP][39m [37m-->[39m [37mGET[39m [37m/wd/hub/session/57856d82-3c42-492e-8a66-22173b9f23f7/screenshot[39m
[35m[HTTP][39m [90m{}[39m
[35m[HTTP][39m [37m<-- GET /wd/hub/session/57856d82-3c42-492e-8a66-22173b9f23f7/screenshot [39m[32m200[39m [90m572 ms - 107506[39m
[35m[HTTP][39m [90m[39m
[35m[HTTP][39m [37m-->[39m [37mGET[39m [37m/wd/hub/session/57856d82-3c42-492e-8a66-22173b9f23f7/source[39m
[35m[HTTP][39m [90m{}[39m
[35m[W3C (57856d82)][39m Driver proxy active, passing request on via HTTP proxy
[35m[WD Proxy][39m Replacing sessionId 5a8dcbbc-ea23-4ea8-a005-eb62b35905f3 with 57856d82-3c42-492e-8a66-22173b9f23f7
[35m[HTTP][39m [37m<-- GET /wd/hub/session/57856d82-3c42-492e-8a66-22173b9f23f7/source [39m[32m200[39m [90m1042 ms - 54047[39m
[35m[HTTP][39m [90m[39m
[35m[HTTP][39m [37m-->[39m [37mGET[39m [37m/wd/hub/session/57856d82-3c42-492e-8a66-22173b9f23f7/screenshot[39m
[35m[HTTP][39m [90m{}[39m
[35m[HTTP][39m [37m<-- GET /wd/hub/session/57856d82-3c42-492e-8a66-22173b9f23f7/screenshot [39m[32m200[39m [90m684 ms - 337922[39m
[35m[HTTP][39m [90m[39m
[35m[HTTP][39m [37m-->[39m [37mGET[39m [37m/wd/hub/session/57856d82-3c42-492e-8a66-22173b9f23f7/source[39m
[35m[HTTP][39m [90m{}[39m
[35m[W3C (57856d82)][39m Driver proxy active, passing request on via HTTP proxy
[35m[WD Proxy][39m Replacing sessionId 5a8dcbbc-ea23-4ea8-a005-eb62b35905f3 with 57856d82-3c42-492e-8a66-22173b9f23f7
[35m[HTTP][39m [37m<-- GET /wd/hub/session/57856d82-3c42-492e-8a66-22173b9f23f7/source [39m[32m200[39m [90m728 ms - 46023[39m
[35m[HTTP][39m [90m[39m
[35m[HTTP][39m [37m-->[39m [37mGET[39m [37m/wd/hub/session/57856d82-3c42-492e-8a66-22173b9f23f7/screenshot[39m
[35m[HTTP][39m [90m{}[39m
[35m[HTTP][39m [37m<-- GET /wd/hub/session/57856d82-3c42-492e-8a66-22173b9f23f7/screenshot [39m[32m200[39m [90m756 ms - 294036[39m
[35m[HTTP][39m [90m[39m
[35m[HTTP][39m [37m-->[39m [37mPOST[39m [37m/wd/hub/session/57856d82-3c42-492e-8a66-22173b9f23f7/elements[39m
[35m[HTTP][39m [90m{"using":"xpath","value":"//*[@class = 'android.widget.EditText' and (@text = 'meita123@gmail.com' or . = 'meita123@gmail.com') and @resource-id = 'ec-cart-email-input']"}[39m
[35m[HTTP][39m [37m<-- POST /wd/hub/session/57856d82-3c42-492e-8a66-22173b9f23f7/elements [39m[32m200[39m [90m673 ms - 139[39m
[35m[HTTP][39m [90m[39m
[35m[HTTP][39m [37m-->[39m [37mGET[39m [37m/wd/hub/session/57856d82-3c42-492e-8a66-22173b9f23f7/window/rect[39m
[35m[HTTP][39m [90m{}[39m
[35m[HTTP][39m [37m<-- GET /wd/hub/session/57856d82-3c42-492e-8a66-22173b9f23f7/window/rect [39m[32m200[39m [90m22 ms - 50[39m
[35m[HTTP][39m [90m[39m
[35m[HTTP][39m [37m-->[39m [37mPOST[39m [37m/wd/hub/session/57856d82-3c42-492e-8a66-22173b9f23f7/elements[39m
[35m[HTTP][39m [90m{"using":"xpath","value":"//*[@class = 'android.widget.EditText' and (@text = 'meita123@gmail.com' or . = 'meita123@gmail.com') and @resource-id = 'ec-cart-email-input']"}[39m
[35m[HTTP][39m [37m<-- POST /wd/hub/session/57856d82-3c42-492e-8a66-22173b9f23f7/elements [39m[32m200[39m [90m359 ms - 139[39m
[35m[HTTP][39m [90m[39m
[35m[HTTP][39m [37m-->[39m [37mGET[39m [37m/wd/hub/session/57856d82-3c42-492e-8a66-22173b9f23f7/element/00000000-0000-0242-0000-0f12000000d1/location[39m
[35m[HTTP][39m [90m{}[39m
[35m[W3C (57856d82)][39m Driver proxy active, passing request on via HTTP proxy
[35m[WD Proxy][39m Replacing sessionId 5a8dcbbc-ea23-4ea8-a005-eb62b35905f3 with 57856d82-3c42-492e-8a66-22173b9f23f7
[35m[HTTP][39m [37m<-- GET /wd/hub/session/57856d82-3c42-492e-8a66-22173b9f23f7/element/00000000-0000-0242-0000-0f12000000d1/location [39m[32m200[39m [90m33 ms - 78[39m
[35m[HTTP][39m [90m[39m
[35m[HTTP][39m [37m-->[39m [37mPOST[39m [37m/wd/hub/session/57856d82-3c42-492e-8a66-22173b9f23f7/element/00000000-0000-0242-0000-0f12000000d1/clear[39m
[35m[HTTP][39m [90m{"id":"00000000-0000-0242-0000-0f12000000d1"}[39m
[35m[HTTP][39m [37m<-- POST /wd/hub/session/57856d82-3c42-492e-8a66-22173b9f23f7/element/00000000-0000-0242-0000-0f12000000d1/clear [39m[32m200[39m [90m35 ms - 14[39m
[35m[HTTP][39m [90m[39m
[35m[HTTP][39m [37m-->[39m [37mPOST[39m [37m/wd/hub/session/57856d82-3c42-492e-8a66-22173b9f23f7/element/00000000-0000-0242-0000-0f12000000d1/value[39m
[35m[HTTP][39m [90m{"id":"00000000-0000-0242-0000-0f12000000d1","text":"meita@gmail.com","value":["m","e","i","t","a","@","g","m","a","i","l",".","c","o","m"]}[39m
[35m[HTTP][39m [37m<-- POST /wd/hub/session/57856d82-3c42-492e-8a66-22173b9f23f7/element/00000000-0000-0242-0000-0f12000000d1/value [39m[32m200[39m [90m701 ms - 14[39m
[35m[HTTP][39m [90m[39m
[35m[HTTP][39m [37m-->[39m [37mGET[39m [37m/wd/hub/session/57856d82-3c42-492e-8a66-22173b9f23f7/source[39m
[35m[HTTP][39m [90m{}[39m
[35m[W3C (57856d82)][39m Driver proxy active, passing request on via HTTP proxy
[35m[WD Proxy][39m Replacing sessionId 5a8dcbbc-ea23-4ea8-a005-eb62b35905f3 with 57856d82-3c42-492e-8a66-22173b9f23f7
[35m[HTTP][39m [37m<-- GET /wd/hub/session/57856d82-3c42-492e-8a66-22173b9f23f7/source [39m[32m200[39m [90m1147 ms - 46020[39m
[35m[HTTP][39m [90m[39m
[35m[HTTP][39m [37m-->[39m [37mGET[39m [37m/wd/hub/session/57856d82-3c42-492e-8a66-22173b9f23f7/screenshot[39m
[35m[HTTP][39m [90m{}[39m
[35m[HTTP][39m [37m<-- GET /wd/hub/session/57856d82-3c42-492e-8a66-22173b9f23f7/screenshot [39m[32m200[39m [90m737 ms - 290718[39m
[35m[HTTP][39m [90m[39m
[35m[HTTP][39m [37m-->[39m [37mPOST[39m [37m/wd/hub/session/57856d82-3c42-492e-8a66-22173b9f23f7/elements[39m
[35m[HTTP][39m [90m{"using":"xpath","value":"//*[@class = 'android.widget.Button' and (@text = 'Checkout' or . = 'Checkout')]"}[39m
[35m[HTTP][39m [37m<-- POST /wd/hub/session/57856d82-3c42-492e-8a66-22173b9f23f7/elements [39m[32m200[39m [90m346 ms - 139[39m
[35m[HTTP][39m [90m[39m
[35m[HTTP][39m [37m-->[39m [37mGET[39m [37m/wd/hub/session/57856d82-3c42-492e-8a66-22173b9f23f7/window/rect[39m
[35m[HTTP][39m [90m{}[39m
[35m[HTTP][39m [37m<-- GET /wd/hub/session/57856d82-3c42-492e-8a66-22173b9f23f7/window/rect [39m[32m200[39m [90m17 ms - 50[39m
[35m[HTTP][39m [90m[39m
[35m[HTTP][39m [37m-->[39m [37mPOST[39m [37m/wd/hub/session/57856d82-3c42-492e-8a66-22173b9f23f7/elements[39m
[35m[HTTP][39m [90m{"using":"xpath","value":"//*[@class = 'android.widget.Button' and (@text = 'Checkout' or . = 'Checkout')]"}[39m
[35m[HTTP][39m [37m<-- POST /wd/hub/session/57856d82-3c42-492e-8a66-22173b9f23f7/elements [39m[32m200[39m [90m799 ms - 139[39m
[35m[HTTP][39m [90m[39m
[35m[HTTP][39m [37m-->[39m [37mGET[39m [37m/wd/hub/session/57856d82-3c42-492e-8a66-22173b9f23f7/element/00000000-0000-0242-0000-0f3c000000d1/location[39m
[35m[HTTP][39m [90m{}[39m
[35m[W3C (57856d82)][39m Driver proxy active, passing request on via HTTP proxy
[35m[WD Proxy][39m Replacing sessionId 5a8dcbbc-ea23-4ea8-a005-eb62b35905f3 with 57856d82-3c42-492e-8a66-22173b9f23f7
[35m[HTTP][39m [37m<-- GET /wd/hub/session/57856d82-3c42-492e-8a66-22173b9f23f7/element/00000000-0000-0242-0000-0f3c000000d1/location [39m[32m200[39m [90m25 ms - 78[39m
[35m[HTTP][39m [90m[39m
[35m[HTTP][39m [37m-->[39m [37mPOST[39m [37m/wd/hub/session/57856d82-3c42-492e-8a66-22173b9f23f7/element/00000000-0000-0242-0000-0f3c000000d1/click[39m
[35m[HTTP][39m [90m{"id":"00000000-0000-0242-0000-0f3c000000d1"}[39m
[35m[HTTP][39m [37m<-- POST /wd/hub/session/57856d82-3c42-492e-8a66-22173b9f23f7/element/00000000-0000-0242-0000-0f3c000000d1/click [39m[32m200[39m [90m61 ms - 14[39m
[35m[HTTP][39m [90m[39m
[35m[HTTP][39m [37m-->[39m [37mGET[39m [37m/wd/hub/session/57856d82-3c42-492e-8a66-22173b9f23f7/source[39m
[35m[HTTP][39m [90m{}[39m
[35m[W3C (57856d82)][39m Driver proxy active, passing request on via HTTP proxy
[35m[WD Proxy][39m Replacing sessionId 5a8dcbbc-ea23-4ea8-a005-eb62b35905f3 with 57856d82-3c42-492e-8a66-22173b9f23f7
[35m[HTTP][39m [37m<-- GET /wd/hub/session/57856d82-3c42-492e-8a66-22173b9f23f7/source [39m[32m200[39m [90m1121 ms - 46021[39m
[35m[HTTP][39m [90m[39m
[35m[HTTP][39m [37m-->[39m [37mGET[39m [37m/wd/hub/session/57856d82-3c42-492e-8a66-22173b9f23f7/screenshot[39m
[35m[HTTP][39m [90m{}[39m
[35m[HTTP][39m [37m<-- GET /wd/hub/session/57856d82-3c42-492e-8a66-22173b9f23f7/screenshot [39m[32m200[39m [90m662 ms - 298724[39m
[35m[HTTP][39m [90m[39m
[35m[HTTP][39m [37m-->[39m [37mGET[39m [37m/wd/hub/session/57856d82-3c42-492e-8a66-22173b9f23f7/source[39m
[35m[HTTP][39m [90m{}[39m
[35m[W3C (57856d82)][39m Driver proxy active, passing request on via HTTP proxy
[35m[WD Proxy][39m Replacing sessionId 5a8dcbbc-ea23-4ea8-a005-eb62b35905f3 with 57856d82-3c42-492e-8a66-22173b9f23f7
[35m[HTTP][39m [37m<-- GET /wd/hub/session/57856d82-3c42-492e-8a66-22173b9f23f7/source [39m[32m200[39m [90m146 ms - 12218[39m
[35m[HTTP][39m [90m[39m
[35m[HTTP][39m [37m-->[39m [37mGET[39m [37m/wd/hub/session/57856d82-3c42-492e-8a66-22173b9f23f7/screenshot[39m
[35m[HTTP][39m [90m{}[39m
[35m[HTTP][39m [37m<-- GET /wd/hub/session/57856d82-3c42-492e-8a66-22173b9f23f7/screenshot [39m[32m200[39m [90m832 ms - 179996[39m
[35m[HTTP][39m [90m[39m
[35m[HTTP][39m [37m-->[39m [37mPOST[39m [37m/wd/hub/session/57856d82-3c42-492e-8a66-22173b9f23f7/elements[39m
[35m[HTTP][39m [90m{"using":"xpath","value":"//*[@class = 'android.widget.ImageView' and @resource-id = 'com.mi.globalbrowser:id/img_item' and (@text = '' or . = '')]"}[39m
[35m[HTTP][39m [37m<-- POST /wd/hub/session/57856d82-3c42-492e-8a66-22173b9f23f7/elements [39m[32m200[39m [90m1100 ms - 651[39m
[35m[HTTP][39m [90m[39m
[35m[HTTP][39m [37m-->[39m [37mPOST[39m [37m/wd/hub/session/57856d82-3c42-492e-8a66-22173b9f23f7/elements[39m
[35m[HTTP][39m [90m{"using":"id","value":"com.mi.globalbrowser:id/img_item"}[39m
[35m[HTTP][39m [37m<-- POST /wd/hub/session/57856d82-3c42-492e-8a66-22173b9f23f7/elements [39m[32m200[39m [90m44 ms - 651[39m
[35m[HTTP][39m [90m[39m
[35m[HTTP][39m [37m-->[39m [37mPOST[39m [37m/wd/hub/session/57856d82-3c42-492e-8a66-22173b9f23f7/elements[39m
[35m[HTTP][39m [90m{"using":"-android uiautomator","value":"new UiSelector().className(\"android.widget.ImageView\").resourceId(\"com.mi.globalbrowser:id/img_item\")"}[39m
[35m[HTTP][39m [37m<-- POST /wd/hub/session/57856d82-3c42-492e-8a66-22173b9f23f7/elements [39m[32m200[39m [90m92 ms - 651[39m
[35m[HTTP][39m [90m[39m
[35m[HTTP][39m [37m-->[39m [37mGET[39m [37m/wd/hub/session/57856d82-3c42-492e-8a66-22173b9f23f7/window/rect[39m
[35m[HTTP][39m [90m{}[39m
[35m[HTTP][39m [37m<-- GET /wd/hub/session/57856d82-3c42-492e-8a66-22173b9f23f7/window/rect [39m[32m200[39m [90m21 ms - 50[39m
[35m[HTTP][39m [90m[39m
[35m[HTTP][39m [37m-->[39m [37mPOST[39m [37m/wd/hub/session/57856d82-3c42-492e-8a66-22173b9f23f7/elements[39m
[35m[HTTP][39m [90m{"using":"xpath","value":"//hierarchy/android.widget.FrameLayout[1]/android.widget.LinearLayout[1]/android.widget.FrameLayout[1]/android.widget.FrameLayout[1]/android.widget.FrameLayout[1]/android.widget.FrameLayout[1]/android.widget.LinearLayout[1]/android.widget.RelativeLayout[1]/android.widget.ImageView[1]"}[39m
[35m[HTTP][39m [37m<-- POST /wd/hub/session/57856d82-3c42-492e-8a66-22173b9f23f7/elements [39m[32m200[39m [90m95 ms - 139[39m
[35m[HTTP][39m [90m[39m
[35m[HTTP][39m [37m-->[39m [37mGET[39m [37m/wd/hub/session/57856d82-3c42-492e-8a66-22173b9f23f7/element/00000000-0000-0242-ffff-ffff0000002e/location[39m
[35m[HTTP][39m [90m{}[39m
[35m[W3C (57856d82)][39m Driver proxy active, passing request on via HTTP proxy
[35m[WD Proxy][39m Replacing sessionId 5a8dcbbc-ea23-4ea8-a005-eb62b35905f3 with 57856d82-3c42-492e-8a66-22173b9f23f7
[35m[HTTP][39m [37m<-- GET /wd/hub/session/57856d82-3c42-492e-8a66-22173b9f23f7/element/00000000-0000-0242-ffff-ffff0000002e/location [39m[32m200[39m [90m39 ms - 78[39m
[35m[HTTP][39m [90m[39m
[35m[HTTP][39m [37m-->[39m [37mPOST[39m [37m/wd/hub/session/57856d82-3c42-492e-8a66-22173b9f23f7/element/00000000-0000-0242-ffff-ffff0000002e/click[39m
[35m[HTTP][39m [90m{"id":"00000000-0000-0242-ffff-ffff0000002e"}[39m
[35m[HTTP][39m [37m<-- POST /wd/hub/session/57856d82-3c42-492e-8a66-22173b9f23f7/element/00000000-0000-0242-ffff-ffff0000002e/click [39m[32m200[39m [90m640 ms - 14[39m
[35m[HTTP][39m [90m[39m
[35m[HTTP][39m [37m-->[39m [37mGET[39m [37m/wd/hub/session/57856d82-3c42-492e-8a66-22173b9f23f7/source[39m
[35m[HTTP][39m [90m{}[39m
[35m[W3C (57856d82)][39m Driver proxy active, passing request on via HTTP proxy
[35m[WD Proxy][39m Replacing sessionId 5a8dcbbc-ea23-4ea8-a005-eb62b35905f3 with 57856d82-3c42-492e-8a66-22173b9f23f7
[35m[HTTP][39m [37m<-- GET /wd/hub/session/57856d82-3c42-492e-8a66-22173b9f23f7/source [39m[32m200[39m [90m1050 ms - 48190[39m
[35m[HTTP][39m [90m[39m
[35m[HTTP][39m [37m-->[39m [37mGET[39m [37m/wd/hub/session/57856d82-3c42-492e-8a66-22173b9f23f7/screenshot[39m
[35m[HTTP][39m [90m{}[39m
[35m[HTTP][39m [37m<-- GET /wd/hub/session/57856d82-3c42-492e-8a66-22173b9f23f7/screenshot [39m[32m200[39m [90m937 ms - 346940[39m
[35m[HTTP][39m [90m[39m
[35m[HTTP][39m [37m-->[39m [37mGET[39m [37m/wd/hub/session/57856d82-3c42-492e-8a66-22173b9f23f7/source[39m
[35m[HTTP][39m [90m{}[39m
[35m[W3C (57856d82)][39m Driver proxy active, passing request on via HTTP proxy
[35m[WD Proxy][39m Replacing sessionId 5a8dcbbc-ea23-4ea8-a005-eb62b35905f3 with 57856d82-3c42-492e-8a66-22173b9f23f7
[35m[HTTP][39m [37m<-- GET /wd/hub/session/57856d82-3c42-492e-8a66-22173b9f23f7/source [39m[32m200[39m [90m885 ms - 42996[39m
[35m[HTTP][39m [90m[39m
[35m[HTTP][39m [37m-->[39m [37mGET[39m [37m/wd/hub/session/57856d82-3c42-492e-8a66-22173b9f23f7/screenshot[39m
[35m[HTTP][39m [90m{}[39m
[35m[HTTP][39m [37m<-- GET /wd/hub/session/57856d82-3c42-492e-8a66-22173b9f23f7/screenshot [39m[32m200[39m [90m699 ms - 287994[39m
[35m[HTTP][39m [90m[39m
[35m[HTTP][39m [37m-->[39m [37mPOST[39m [37m/wd/hub/session/57856d82-3c42-492e-8a66-22173b9f23f7/elements[39m
[35m[HTTP][39m [90m{"using":"xpath","value":"//*[@class = 'android.widget.Button' and (@text = 'Checkout' or . = 'Checkout')]"}[39m
[35m[HTTP][39m [37m<-- POST /wd/hub/session/57856d82-3c42-492e-8a66-22173b9f23f7/elements [39m[32m200[39m [90m417 ms - 139[39m
[35m[HTTP][39m [90m[39m
[35m[HTTP][39m [37m-->[39m [37mGET[39m [37m/wd/hub/session/57856d82-3c42-492e-8a66-22173b9f23f7/window/rect[39m
[35m[HTTP][39m [90m{}[39m
[35m[HTTP][39m [37m<-- GET /wd/hub/session/57856d82-3c42-492e-8a66-22173b9f23f7/window/rect [39m[32m200[39m [90m22 ms - 50[39m
[35m[HTTP][39m [90m[39m
[35m[HTTP][39m [37m-->[39m [37mPOST[39m [37m/wd/hub/session/57856d82-3c42-492e-8a66-22173b9f23f7/elements[39m
[35m[HTTP][39m [90m{"using":"xpath","value":"//*[@class = 'android.widget.Button' and (@text = 'Checkout' or . = 'Checkout')]"}[39m
[35m[HTTP][39m [37m<-- POST /wd/hub/session/57856d82-3c42-492e-8a66-22173b9f23f7/elements [39m[32m200[39m [90m245 ms - 139[39m
[35m[HTTP][39m [90m[39m
[35m[HTTP][39m [37m-->[39m [37mGET[39m [37m/wd/hub/session/57856d82-3c42-492e-8a66-22173b9f23f7/element/00000000-0000-0242-0000-12be000000d1/location[39m
[35m[HTTP][39m [90m{}[39m
[35m[W3C (57856d82)][39m Driver proxy active, passing request on via HTTP proxy
[35m[WD Proxy][39m Replacing sessionId 5a8dcbbc-ea23-4ea8-a005-eb62b35905f3 with 57856d82-3c42-492e-8a66-22173b9f23f7
[35m[HTTP][39m [37m<-- GET /wd/hub/session/57856d82-3c42-492e-8a66-22173b9f23f7/element/00000000-0000-0242-0000-12be000000d1/location [39m[32m200[39m [90m38 ms - 78[39m
[35m[HTTP][39m [90m[39m
[35m[HTTP][39m [37m-->[39m [37mPOST[39m [37m/wd/hub/session/57856d82-3c42-492e-8a66-22173b9f23f7/element/00000000-0000-0242-0000-12be000000d1/click[39m
[35m[HTTP][39m [90m{"id":"00000000-0000-0242-0000-12be000000d1"}[39m
[35m[HTTP][39m [37m<-- POST /wd/hub/session/57856d82-3c42-492e-8a66-22173b9f23f7/element/00000000-0000-0242-0000-12be000000d1/click [39m[32m200[39m [90m52 ms - 14[39m
[35m[HTTP][39m [90m[39m
[35m[HTTP][39m [37m-->[39m [37mGET[39m [37m/wd/hub/session/57856d82-3c42-492e-8a66-22173b9f23f7/source[39m
[35m[HTTP][39m [90m{}[39m
[35m[W3C (57856d82)][39m Driver proxy active, passing request on via HTTP proxy
[35m[WD Proxy][39m Replacing sessionId 5a8dcbbc-ea23-4ea8-a005-eb62b35905f3 with 57856d82-3c42-492e-8a66-22173b9f23f7
[35m[HTTP][39m [37m<-- GET /wd/hub/session/57856d82-3c42-492e-8a66-22173b9f23f7/source [39m[32m200[39m [90m1624 ms - 42996[39m
[35m[HTTP][39m [90m[39m
[35m[HTTP][39m [37m-->[39m [37mGET[39m [37m/wd/hub/session/57856d82-3c42-492e-8a66-22173b9f23f7/screenshot[39m
[35m[HTTP][39m [90m{}[39m
[35m[HTTP][39m [37m<-- GET /wd/hub/session/57856d82-3c42-492e-8a66-22173b9f23f7/screenshot [39m[32m200[39m [90m650 ms - 271872[39m
[35m[HTTP][39m [90m[39m
[35m[HTTP][39m [37m-->[39m [37mGET[39m [37m/wd/hub/session/57856d82-3c42-492e-8a66-22173b9f23f7/source[39m
[35m[HTTP][39m [90m{}[39m
[35m[W3C (57856d82)][39m Driver proxy active, passing request on via HTTP proxy
[35m[WD Proxy][39m Replacing sessionId 5a8dcbbc-ea23-4ea8-a005-eb62b35905f3 with 57856d82-3c42-492e-8a66-22173b9f23f7
[35m[HTTP][39m [37m<-- GET /wd/hub/session/57856d82-3c42-492e-8a66-22173b9f23f7/source [39m[32m200[39m [90m150 ms - 12218[39m
[35m[HTTP][39m [90m[39m
[35m[HTTP][39m [37m-->[39m [37mGET[39m [37m/wd/hub/session/57856d82-3c42-492e-8a66-22173b9f23f7/screenshot[39m
[35m[HTTP][39m [90m{}[39m
[35m[HTTP][39m [37m<-- GET /wd/hub/session/57856d82-3c42-492e-8a66-22173b9f23f7/screenshot [39m[32m200[39m [90m792 ms - 198740[39m
[35m[HTTP][39m [90m[39m
[35m[HTTP][39m [37m-->[39m [37mPOST[39m [37m/wd/hub/session/57856d82-3c42-492e-8a66-22173b9f23f7/elements[39m
[35m[HTTP][39m [90m{"using":"xpath","value":"//*[@class = 'android.widget.FrameLayout' and @resource-id = 'android:id/content' and (@text = '' or . = '')]"}[39m
[35m[HTTP][39m [37m<-- POST /wd/hub/session/57856d82-3c42-492e-8a66-22173b9f23f7/elements [39m[32m200[39m [90m115 ms - 139[39m
[35m[HTTP][39m [90m[39m
[35m[HTTP][39m [37m-->[39m [37mGET[39m [37m/wd/hub/session/57856d82-3c42-492e-8a66-22173b9f23f7/source[39m
[35m[HTTP][39m [90m{}[39m
[35m[W3C (57856d82)][39m Driver proxy active, passing request on via HTTP proxy
[35m[WD Proxy][39m Replacing sessionId 5a8dcbbc-ea23-4ea8-a005-eb62b35905f3 with 57856d82-3c42-492e-8a66-22173b9f23f7
[35m[HTTP][39m [37m<-- GET /wd/hub/session/57856d82-3c42-492e-8a66-22173b9f23f7/source [39m[32m200[39m [90m704 ms - 42472[39m
[35m[HTTP][39m [90m[39m
[35m[HTTP][39m [37m-->[39m [37mGET[39m [37m/wd/hub/session/57856d82-3c42-492e-8a66-22173b9f23f7/screenshot[39m
[35m[HTTP][39m [90m{}[39m
[35m[HTTP][39m [37m<-- GET /wd/hub/session/57856d82-3c42-492e-8a66-22173b9f23f7/screenshot [39m[32m200[39m [90m708 ms - 243204[39m
[35m[HTTP][39m [90m[39m
[35m[HTTP][39m [37m-->[39m [37mPOST[39m [37m/wd/hub/session/57856d82-3c42-492e-8a66-22173b9f23f7/elements[39m
[35m[HTTP][39m [90m{"using":"xpath","value":"//*[@class = 'android.widget.Image' and (@text = '' or . = '')]"}[39m
[35m[HTTP][39m [37m<-- POST /wd/hub/session/57856d82-3c42-492e-8a66-22173b9f23f7/elements [39m[32m200[39m [90m245 ms - 139[39m
[35m[HTTP][39m [90m[39m
[35m[HTTP][39m [37m-->[39m [37mGET[39m [37m/wd/hub/session/57856d82-3c42-492e-8a66-22173b9f23f7/window/rect[39m
[35m[HTTP][39m [90m{}[39m
[35m[HTTP][39m [37m<-- GET /wd/hub/session/57856d82-3c42-492e-8a66-22173b9f23f7/window/rect [39m[32m200[39m [90m17 ms - 50[39m
[35m[HTTP][39m [90m[39m
[35m[HTTP][39m [37m-->[39m [37mPOST[39m [37m/wd/hub/session/57856d82-3c42-492e-8a66-22173b9f23f7/elements[39m
[35m[HTTP][39m [90m{"using":"xpath","value":"//*[@class = 'android.widget.Image' and (@text = '' or . = '')]"}[39m
[35m[HTTP][39m [37m<-- POST /wd/hub/session/57856d82-3c42-492e-8a66-22173b9f23f7/elements [39m[32m200[39m [90m949 ms - 139[39m
[35m[HTTP][39m [90m[39m
[35m[HTTP][39m [37m-->[39m [37mGET[39m [37m/wd/hub/session/57856d82-3c42-492e-8a66-22173b9f23f7/element/00000000-0000-0242-0000-1926000000d1/location[39m
[35m[HTTP][39m [90m{}[39m
[35m[W3C (57856d82)][39m Driver proxy active, passing request on via HTTP proxy
[35m[WD Proxy][39m Replacing sessionId 5a8dcbbc-ea23-4ea8-a005-eb62b35905f3 with 57856d82-3c42-492e-8a66-22173b9f23f7
[35m[HTTP][39m [37m<-- GET /wd/hub/session/57856d82-3c42-492e-8a66-22173b9f23f7/element/00000000-0000-0242-0000-1926000000d1/location [39m[32m200[39m [90m24 ms - 79[39m
[35m[HTTP][39m [90m[39m
[35m[HTTP][39m [37m-->[39m [37mPOST[39m [37m/wd/hub/session/57856d82-3c42-492e-8a66-22173b9f23f7/element/00000000-0000-0242-0000-1926000000d1/click[39m
[35m[HTTP][39m [90m{"id":"00000000-0000-0242-0000-1926000000d1"}[39m
[35m[HTTP][39m [37m<-- POST /wd/hub/session/57856d82-3c42-492e-8a66-22173b9f23f7/element/00000000-0000-0242-0000-1926000000d1/click [39m[32m200[39m [90m47 ms - 14[39m
[35m[HTTP][39m [90m[39m
[35m[HTTP][39m [37m-->[39m [37mGET[39m [37m/wd/hub/session/57856d82-3c42-492e-8a66-22173b9f23f7/source[39m
[35m[HTTP][39m [90m{}[39m
[35m[W3C (57856d82)][39m Driver proxy active, passing request on via HTTP proxy
[35m[WD Proxy][39m Replacing sessionId 5a8dcbbc-ea23-4ea8-a005-eb62b35905f3 with 57856d82-3c42-492e-8a66-22173b9f23f7
[35m[HTTP][39m [37m<-- GET /wd/hub/session/57856d82-3c42-492e-8a66-22173b9f23f7/source [39m[32m200[39m [90m494 ms - 8509[39m
[35m[HTTP][39m [90m[39m
[35m[HTTP][39m [37m-->[39m [37mGET[39m [37m/wd/hub/session/57856d82-3c42-492e-8a66-22173b9f23f7/screenshot[39m
[35m[HTTP][39m [90m{}[39m
[35m[HTTP][39m [37m<-- GET /wd/hub/session/57856d82-3c42-492e-8a66-22173b9f23f7/screenshot [39m[32m200[39m [90m572 ms - 168358[39m
[35m[HTTP][39m [90m[39m
[35m[HTTP][39m [37m-->[39m [37mPOST[39m [37m/wd/hub/session/57856d82-3c42-492e-8a66-22173b9f23f7/elements[39m
[35m[HTTP][39m [90m{"using":"xpath","value":"//*[@class = 'android.widget.CheckedTextView' and (@text = 'Indonesia' or . = 'Indonesia') and @resource-id = 'android:id/text1']"}[39m
[35m[HTTP][39m [37m<-- POST /wd/hub/session/57856d82-3c42-492e-8a66-22173b9f23f7/elements [39m[32m200[39m [90m132 ms - 139[39m
[35m[HTTP][39m [90m[39m
[35m[HTTP][39m [37m-->[39m [37mGET[39m [37m/wd/hub/session/57856d82-3c42-492e-8a66-22173b9f23f7/window/rect[39m
[35m[HTTP][39m [90m{}[39m
[35m[HTTP][39m [37m<-- GET /wd/hub/session/57856d82-3c42-492e-8a66-22173b9f23f7/window/rect [39m[32m200[39m [90m18 ms - 50[39m
[35m[HTTP][39m [90m[39m
[35m[HTTP][39m [37m-->[39m [37mPOST[39m [37m/wd/hub/session/57856d82-3c42-492e-8a66-22173b9f23f7/elements[39m
[35m[HTTP][39m [90m{"using":"xpath","value":"//*[@class = 'android.widget.CheckedTextView' and (@text = 'Indonesia' or . = 'Indonesia') and @resource-id = 'android:id/text1']"}[39m
[35m[HTTP][39m [37m<-- POST /wd/hub/session/57856d82-3c42-492e-8a66-22173b9f23f7/elements [39m[32m200[39m [90m102 ms - 139[39m
[35m[HTTP][39m [90m[39m
[35m[HTTP][39m [37m-->[39m [37mGET[39m [37m/wd/hub/session/57856d82-3c42-492e-8a66-22173b9f23f7/element/00000000-0000-0257-ffff-ffff000000eb/location[39m
[35m[HTTP][39m [90m{}[39m
[35m[W3C (57856d82)][39m Driver proxy active, passing request on via HTTP proxy
[35m[WD Proxy][39m Replacing sessionId 5a8dcbbc-ea23-4ea8-a005-eb62b35905f3 with 57856d82-3c42-492e-8a66-22173b9f23f7
[35m[HTTP][39m [37m<-- GET /wd/hub/session/57856d82-3c42-492e-8a66-22173b9f23f7/element/00000000-0000-0257-ffff-ffff000000eb/location [39m[32m200[39m [90m24 ms - 77[39m
[35m[HTTP][39m [90m[39m
[35m[HTTP][39m [37m-->[39m [37mPOST[39m [37m/wd/hub/session/57856d82-3c42-492e-8a66-22173b9f23f7/element/00000000-0000-0257-ffff-ffff000000eb/click[39m
[35m[HTTP][39m [90m{"id":"00000000-0000-0257-ffff-ffff000000eb"}[39m
[35m[HTTP][39m [37m<-- POST /wd/hub/session/57856d82-3c42-492e-8a66-22173b9f23f7/element/00000000-0000-0257-ffff-ffff000000eb/click [39m[32m200[39m [90m766 ms - 14[39m
[35m[HTTP][39m [90m[39m
[35m[HTTP][39m [37m-->[39m [37mGET[39m [37m/wd/hub/session/57856d82-3c42-492e-8a66-22173b9f23f7/source[39m
[35m[HTTP][39m [90m{}[39m
[35m[W3C (57856d82)][39m Driver proxy active, passing request on via HTTP proxy
[35m[WD Proxy][39m Replacing sessionId 5a8dcbbc-ea23-4ea8-a005-eb62b35905f3 with 57856d82-3c42-492e-8a66-22173b9f23f7
[35m[HTTP][39m [37m<-- GET /wd/hub/session/57856d82-3c42-492e-8a66-22173b9f23f7/source [39m[32m200[39m [90m502 ms - 42472[39m
[35m[HTTP][39m [90m[39m
[35m[HTTP][39m [37m-->[39m [37mGET[39m [37m/wd/hub/session/57856d82-3c42-492e-8a66-22173b9f23f7/screenshot[39m
[35m[HTTP][39m [90m{}[39m
[35m[HTTP][39m [37m<-- GET /wd/hub/session/57856d82-3c42-492e-8a66-22173b9f23f7/screenshot [39m[32m200[39m [90m686 ms - 242814[39m
[35m[HTTP][39m [90m[39m
[35m[HTTP][39m [37m-->[39m [37mPOST[39m [37m/wd/hub/session/57856d82-3c42-492e-8a66-22173b9f23f7/elements[39m
[35m[HTTP][39m [90m{"using":"xpath","value":"//*[@class = 'android.widget.EditText' and @resource-id = 'ec-full-name' and (@text = '' or . = '')]"}[39m
[35m[HTTP][39m [37m<-- POST /wd/hub/session/57856d82-3c42-492e-8a66-22173b9f23f7/elements [39m[32m200[39m [90m232 ms - 139[39m
[35m[HTTP][39m [90m[39m
[35m[HTTP][39m [37m-->[39m [37mGET[39m [37m/wd/hub/session/57856d82-3c42-492e-8a66-22173b9f23f7/window/rect[39m
[35m[HTTP][39m [90m{}[39m
[35m[HTTP][39m [37m<-- GET /wd/hub/session/57856d82-3c42-492e-8a66-22173b9f23f7/window/rect [39m[32m200[39m [90m19 ms - 50[39m
[35m[HTTP][39m [90m[39m
[35m[HTTP][39m [37m-->[39m [37mPOST[39m [37m/wd/hub/session/57856d82-3c42-492e-8a66-22173b9f23f7/elements[39m
[35m[HTTP][39m [90m{"using":"xpath","value":"//*[@class = 'android.widget.EditText' and @resource-id = 'ec-full-name' and (@text = '' or . = '')]"}[39m
[35m[HTTP][39m [37m<-- POST /wd/hub/session/57856d82-3c42-492e-8a66-22173b9f23f7/elements [39m[32m200[39m [90m252 ms - 139[39m
[35m[HTTP][39m [90m[39m
[35m[HTTP][39m [37m-->[39m [37mGET[39m [37m/wd/hub/session/57856d82-3c42-492e-8a66-22173b9f23f7/element/00000000-0000-0242-0000-179b000000d1/location[39m
[35m[HTTP][39m [90m{}[39m
[35m[W3C (57856d82)][39m Driver proxy active, passing request on via HTTP proxy
[35m[WD Proxy][39m Replacing sessionId 5a8dcbbc-ea23-4ea8-a005-eb62b35905f3 with 57856d82-3c42-492e-8a66-22173b9f23f7
[35m[HTTP][39m [37m<-- GET /wd/hub/session/57856d82-3c42-492e-8a66-22173b9f23f7/element/00000000-0000-0242-0000-179b000000d1/location [39m[32m200[39m [90m26 ms - 78[39m
[35m[HTTP][39m [90m[39m
[35m[HTTP][39m [37m-->[39m [37mPOST[39m [37m/wd/hub/session/57856d82-3c42-492e-8a66-22173b9f23f7/element/00000000-0000-0242-0000-179b000000d1/clear[39m
[35m[HTTP][39m [90m{"id":"00000000-0000-0242-0000-179b000000d1"}[39m
[35m[HTTP][39m [37m<-- POST /wd/hub/session/57856d82-3c42-492e-8a66-22173b9f23f7/element/00000000-0000-0242-0000-179b000000d1/clear [39m[32m200[39m [90m24 ms - 14[39m
[35m[HTTP][39m [90m[39m
[35m[HTTP][39m [37m-->[39m [37mPOST[39m [37m/wd/hub/session/57856d82-3c42-492e-8a66-22173b9f23f7/element/00000000-0000-0242-0000-179b000000d1/value[39m
[35m[HTTP][39m [90m{"id":"00000000-0000-0242-0000-179b000000d1","text":"meita","value":["m","e","i","t","a"]}[39m
[35m[HTTP][39m [37m<-- POST /wd/hub/session/57856d82-3c42-492e-8a66-22173b9f23f7/element/00000000-0000-0242-0000-179b000000d1/value [39m[32m200[39m [90m34 ms - 14[39m
[35m[HTTP][39m [90m[39m
[35m[HTTP][39m [37m-->[39m [37mGET[39m [37m/wd/hub/session/57856d82-3c42-492e-8a66-22173b9f23f7/source[39m
[35m[HTTP][39m [90m{}[39m
[35m[W3C (57856d82)][39m Driver proxy active, passing request on via HTTP proxy
[35m[WD Proxy][39m Replacing sessionId 5a8dcbbc-ea23-4ea8-a005-eb62b35905f3 with 57856d82-3c42-492e-8a66-22173b9f23f7
[35m[HTTP][39m [37m<-- GET /wd/hub/session/57856d82-3c42-492e-8a66-22173b9f23f7/source [39m[32m200[39m [90m711 ms - 42477[39m
[35m[HTTP][39m [90m[39m
[35m[HTTP][39m [37m-->[39m [37mGET[39m [37m/wd/hub/session/57856d82-3c42-492e-8a66-22173b9f23f7/screenshot[39m
[35m[HTTP][39m [90m{}[39m
[35m[HTTP][39m [37m<-- GET /wd/hub/session/57856d82-3c42-492e-8a66-22173b9f23f7/screenshot [39m[32m200[39m [90m657 ms - 246094[39m
[35m[HTTP][39m [90m[39m
[35m[HTTP][39m [37m-->[39m [37mPOST[39m [37m/wd/hub/session/57856d82-3c42-492e-8a66-22173b9f23f7/elements[39m
[35m[HTTP][39m [90m{"using":"xpath","value":"//*[@class = 'android.widget.EditText' and @resource-id = 'ec-phone' and (@text = '' or . = '')]"}[39m
[35m[HTTP][39m [37m<-- POST /wd/hub/session/57856d82-3c42-492e-8a66-22173b9f23f7/elements [39m[32m200[39m [90m225 ms - 139[39m
[35m[HTTP][39m [90m[39m
[35m[HTTP][39m [37m-->[39m [37mGET[39m [37m/wd/hub/session/57856d82-3c42-492e-8a66-22173b9f23f7/window/rect[39m
[35m[HTTP][39m [90m{}[39m
[35m[HTTP][39m [37m<-- GET /wd/hub/session/57856d82-3c42-492e-8a66-22173b9f23f7/window/rect [39m[32m200[39m [90m16 ms - 50[39m
[35m[HTTP][39m [90m[39m
[35m[HTTP][39m [37m-->[39m [37mPOST[39m [37m/wd/hub/session/57856d82-3c42-492e-8a66-22173b9f23f7/elements[39m
[35m[HTTP][39m [90m{"using":"xpath","value":"//*[@class = 'android.widget.EditText' and @resource-id = 'ec-phone' and (@text = '' or . = '')]"}[39m
[35m[HTTP][39m [37m<-- POST /wd/hub/session/57856d82-3c42-492e-8a66-22173b9f23f7/elements [39m[32m200[39m [90m677 ms - 139[39m
[35m[HTTP][39m [90m[39m
[35m[HTTP][39m [37m-->[39m [37mGET[39m [37m/wd/hub/session/57856d82-3c42-492e-8a66-22173b9f23f7/element/00000000-0000-0242-0000-179e000000d1/location[39m
[35m[HTTP][39m [90m{}[39m
[35m[W3C (57856d82)][39m Driver proxy active, passing request on via HTTP proxy
[35m[WD Proxy][39m Replacing sessionId 5a8dcbbc-ea23-4ea8-a005-eb62b35905f3 with 57856d82-3c42-492e-8a66-22173b9f23f7
[35m[HTTP][39m [37m<-- GET /wd/hub/session/57856d82-3c42-492e-8a66-22173b9f23f7/element/00000000-0000-0242-0000-179e000000d1/location [39m[32m200[39m [90m23 ms - 78[39m
[35m[HTTP][39m [90m[39m
[35m[HTTP][39m [37m-->[39m [37mPOST[39m [37m/wd/hub/session/57856d82-3c42-492e-8a66-22173b9f23f7/element/00000000-0000-0242-0000-179e000000d1/clear[39m
[35m[HTTP][39m [90m{"id":"00000000-0000-0242-0000-179e000000d1"}[39m
[35m[HTTP][39m [37m<-- POST /wd/hub/session/57856d82-3c42-492e-8a66-22173b9f23f7/element/00000000-0000-0242-0000-179e000000d1/clear [39m[32m200[39m [90m23 ms - 14[39m
[35m[HTTP][39m [90m[39m
[35m[HTTP][39m [37m-->[39m [37mPOST[39m [37m/wd/hub/session/57856d82-3c42-492e-8a66-22173b9f23f7/element/00000000-0000-0242-0000-179e000000d1/value[39m
[35m[HTTP][39m [90m{"id":"00000000-0000-0242-0000-179e000000d1","text":"089898989898","value":["0","8","9","8","9","8","9","8","9","8","9","8"]}[39m
[35m[HTTP][39m [37m<-- POST /wd/hub/session/57856d82-3c42-492e-8a66-22173b9f23f7/element/00000000-0000-0242-0000-179e000000d1/value [39m[32m200[39m [90m30 ms - 14[39m
[35m[HTTP][39m [90m[39m
[35m[HTTP][39m [37m-->[39m [37mGET[39m [37m/wd/hub/session/57856d82-3c42-492e-8a66-22173b9f23f7/source[39m
[35m[HTTP][39m [90m{}[39m
[35m[W3C (57856d82)][39m Driver proxy active, passing request on via HTTP proxy
[35m[WD Proxy][39m Replacing sessionId 5a8dcbbc-ea23-4ea8-a005-eb62b35905f3 with 57856d82-3c42-492e-8a66-22173b9f23f7
[35m[HTTP][39m [37m<-- GET /wd/hub/session/57856d82-3c42-492e-8a66-22173b9f23f7/source [39m[32m200[39m [90m765 ms - 42489[39m
[35m[HTTP][39m [90m[39m
[35m[HTTP][39m [37m-->[39m [37mGET[39m [37m/wd/hub/session/57856d82-3c42-492e-8a66-22173b9f23f7/screenshot[39m
[35m[HTTP][39m [90m{}[39m
[35m[HTTP][39m [37m<-- GET /wd/hub/session/57856d82-3c42-492e-8a66-22173b9f23f7/screenshot [39m[32m200[39m [90m631 ms - 259806[39m
[35m[HTTP][39m [90m[39m
[35m[HTTP][39m [37m-->[39m [37mGET[39m [37m/wd/hub/session/57856d82-3c42-492e-8a66-22173b9f23f7/source[39m
[35m[HTTP][39m [90m{}[39m
[35m[W3C (57856d82)][39m Driver proxy active, passing request on via HTTP proxy
[35m[WD Proxy][39m Replacing sessionId 5a8dcbbc-ea23-4ea8-a005-eb62b35905f3 with 57856d82-3c42-492e-8a66-22173b9f23f7
[35m[HTTP][39m [37m<-- GET /wd/hub/session/57856d82-3c42-492e-8a66-22173b9f23f7/source [39m[32m200[39m [90m141 ms - 12219[39m
[35m[HTTP][39m [90m[39m
[35m[HTTP][39m [37m-->[39m [37mGET[39m [37m/wd/hub/session/57856d82-3c42-492e-8a66-22173b9f23f7/screenshot[39m
[35m[HTTP][39m [90m{}[39m
[35m[HTTP][39m [37m<-- GET /wd/hub/session/57856d82-3c42-492e-8a66-22173b9f23f7/screenshot [39m[32m200[39m [90m747 ms - 216000[39m
[35m[HTTP][39m [90m[39m
[35m[HTTP][39m [37m-->[39m [37mGET[39m [37m/wd/hub/session/57856d82-3c42-492e-8a66-22173b9f23f7/source[39m
[35m[HTTP][39m [90m{}[39m
[35m[W3C (57856d82)][39m Driver proxy active, passing request on via HTTP proxy
[35m[WD Proxy][39m Replacing sessionId 5a8dcbbc-ea23-4ea8-a005-eb62b35905f3 with 57856d82-3c42-492e-8a66-22173b9f23f7
[35m[HTTP][39m [37m<-- GET /wd/hub/session/57856d82-3c42-492e-8a66-22173b9f23f7/source [39m[32m200[39m [90m121 ms - 6491[39m
[35m[HTTP][39m [90m[39m
[35m[HTTP][39m [37m-->[39m [37mGET[39m [37m/wd/hub/session/57856d82-3c42-492e-8a66-22173b9f23f7/screenshot[39m
[35m[HTTP][39m [90m{}[39m
[35m[HTTP][39m [37m<-- GET /wd/hub/session/57856d82-3c42-492e-8a66-22173b9f23f7/screenshot [39m[32m200[39m [90m807 ms - 218556[39m
[35m[HTTP][39m [90m[39m
[35m[HTTP][39m [37m-->[39m [37mGET[39m [37m/wd/hub/session/57856d82-3c42-492e-8a66-22173b9f23f7/context[39m
[35m[HTTP][39m [90m{}[39m
[35m[HTTP][39m [37m<-- GET /wd/hub/session/57856d82-3c42-492e-8a66-22173b9f23f7/context [39m[32m200[39m [90m3 ms - 22[39m
[35m[HTTP][39m [90m[39m
[35m[HTTP][39m [37m-->[39m [37mGET[39m [37m/wd/hub/session/57856d82-3c42-492e-8a66-22173b9f23f7/contexts[39m
[35m[HTTP][39m [90m{}[39m
[35m[HTTP][39m [37m<-- GET /wd/hub/session/57856d82-3c42-492e-8a66-22173b9f23f7/contexts [39m[32m200[39m [90m560 ms - 55[39m
[35m[HTTP][39m [90m[39m
[35m[HTTP][39m [37m-->[39m [37mPOST[39m [37m/wd/hub/session/57856d82-3c42-492e-8a66-22173b9f23f7/context[39m
[35m[HTTP][39m [90m{"name":"NATIVE_APP"}[39m
[35m[HTTP][39m [37m<-- POST /wd/hub/session/57856d82-3c42-492e-8a66-22173b9f23f7/context [39m[32m200[39m [90m3 ms - 14[39m
[35m[HTTP][39m [90m[39m
[35m[HTTP][39m [37m-->[39m [37mPOST[39m [37m/wd/hub/session/57856d82-3c42-492e-8a66-22173b9f23f7/appium/device/press_keycode[39m
[35m[HTTP][39m [90m{"keycode":4}[39m
[35m[HTTP][39m [37m<-- POST /wd/hub/session/57856d82-3c42-492e-8a66-22173b9f23f7/appium/device/press_keycode [39m[32m200[39m [90m80 ms - 14[39m
[35m[HTTP][39m [90m[39m
[35m[HTTP][39m [37m-->[39m [37mPOST[39m [37m/wd/hub/session/57856d82-3c42-492e-8a66-22173b9f23f7/context[39m
[35m[HTTP][39m [90m{"name":"NATIVE_APP"}[39m
[35m[HTTP][39m [37m<-- POST /wd/hub/session/57856d82-3c42-492e-8a66-22173b9f23f7/context [39m[32m200[39m [90m3 ms - 14[39m
[35m[HTTP][39m [90m[39m
[35m[HTTP][39m [37m-->[39m [37mGET[39m [37m/wd/hub/session/57856d82-3c42-492e-8a66-22173b9f23f7/source[39m
[35m[HTTP][39m [90m{}[39m
[35m[W3C (57856d82)][39m Driver proxy active, passing request on via HTTP proxy
[35m[WD Proxy][39m Replacing sessionId 5a8dcbbc-ea23-4ea8-a005-eb62b35905f3 with 57856d82-3c42-492e-8a66-22173b9f23f7
[35m[HTTP][39m [37m<-- GET /wd/hub/session/57856d82-3c42-492e-8a66-22173b9f23f7/source [39m[32m200[39m [90m1276 ms - 48190[39m
[35m[HTTP][39m [90m[39m
[35m[HTTP][39m [37m-->[39m [37mGET[39m [37m/wd/hub/session/57856d82-3c42-492e-8a66-22173b9f23f7/screenshot[39m
[35m[HTTP][39m [90m{}[39m
[35m[HTTP][39m [37m<-- GET /wd/hub/session/57856d82-3c42-492e-8a66-22173b9f23f7/screenshot [39m[32m200[39m [90m882 ms - 347782[39m
[35m[HTTP][39m [90m[39m
[35m[HTTP][39m [37m-->[39m [37mGET[39m [37m/wd/hub/session/57856d82-3c42-492e-8a66-22173b9f23f7/source[39m
[35m[HTTP][39m [90m{}[39m
[35m[W3C (57856d82)][39m Driver proxy active, passing request on via HTTP proxy
[35m[WD Proxy][39m Replacing sessionId 5a8dcbbc-ea23-4ea8-a005-eb62b35905f3 with 57856d82-3c42-492e-8a66-22173b9f23f7
[35m[HTTP][39m [37m<-- GET /wd/hub/session/57856d82-3c42-492e-8a66-22173b9f23f7/source [39m[32m200[39m [90m934 ms - 42638[39m
[35m[HTTP][39m [90m[39m
[35m[HTTP][39m [37m-->[39m [37mGET[39m [37m/wd/hub/session/57856d82-3c42-492e-8a66-22173b9f23f7/screenshot[39m
[35m[HTTP][39m [90m{}[39m
[35m[HTTP][39m [37m<-- GET /wd/hub/session/57856d82-3c42-492e-8a66-22173b9f23f7/screenshot [39m[32m200[39m [90m1031 ms - 336780[39m
[35m[HTTP][39m [90m[39m
[35m[HTTP][39m [37m-->[39m [37mPOST[39m [37m/wd/hub/session/57856d82-3c42-492e-8a66-22173b9f23f7/elements[39m
[35m[HTTP][39m [90m{"using":"xpath","value":"//*[@class = 'android.widget.TextView' and (@text = '' or . = '')]"}[39m
[35m[HTTP][39m [37m<-- POST /wd/hub/session/57856d82-3c42-492e-8a66-22173b9f23f7/elements [39m[32m200[39m [90m327 ms - 2827[39m
[35m[HTTP][39m [90m[39m
[35m[HTTP][39m [37m-->[39m [37mPOST[39m [37m/wd/hub/session/57856d82-3c42-492e-8a66-22173b9f23f7/elements[39m
[35m[HTTP][39m [90m{"using":"-android uiautomator","value":"new UiSelector().className(\"android.widget.TextView\")"}[39m
[35m[HTTP][39m [37m<-- POST /wd/hub/session/57856d82-3c42-492e-8a66-22173b9f23f7/elements [39m[32m200[39m [90m1018 ms - 2827[39m
[35m[HTTP][39m [90m[39m
[35m[HTTP][39m [37m-->[39m [37mPOST[39m [37m/wd/hub/session/57856d82-3c42-492e-8a66-22173b9f23f7/elements[39m
[35m[HTTP][39m [90m{"using":"xpath","value":"//*[@class = 'android.widget.Button' and (@text = 'Checkout' or . = 'Checkout')]"}[39m
[35m[HTTP][39m [37m<-- POST /wd/hub/session/57856d82-3c42-492e-8a66-22173b9f23f7/elements [39m[32m200[39m [90m284 ms - 139[39m
[35m[HTTP][39m [90m[39m
[35m[HTTP][39m [37m-->[39m [37mGET[39m [37m/wd/hub/session/57856d82-3c42-492e-8a66-22173b9f23f7/window/rect[39m
[35m[HTTP][39m [90m{}[39m
[35m[HTTP][39m [37m<-- GET /wd/hub/session/57856d82-3c42-492e-8a66-22173b9f23f7/window/rect [39m[32m200[39m [90m22 ms - 50[39m
[35m[HTTP][39m [90m[39m
[35m[HTTP][39m [37m-->[39m [37mPOST[39m [37m/wd/hub/session/57856d82-3c42-492e-8a66-22173b9f23f7/elements[39m
[35m[HTTP][39m [90m{"using":"xpath","value":"//*[@class = 'android.widget.Button' and (@text = 'Checkout' or . = 'Checkout')]"}[39m
[35m[HTTP][39m [37m<-- POST /wd/hub/session/57856d82-3c42-492e-8a66-22173b9f23f7/elements [39m[32m200[39m [90m263 ms - 139[39m
[35m[HTTP][39m [90m[39m
[35m[HTTP][39m [37m-->[39m [37mGET[39m [37m/wd/hub/session/57856d82-3c42-492e-8a66-22173b9f23f7/element/00000000-0000-0242-0000-1fdc000000d1/location[39m
[35m[HTTP][39m [90m{}[39m
[35m[W3C (57856d82)][39m Driver proxy active, passing request on via HTTP proxy
[35m[WD Proxy][39m Replacing sessionId 5a8dcbbc-ea23-4ea8-a005-eb62b35905f3 with 57856d82-3c42-492e-8a66-22173b9f23f7
[35m[HTTP][39m [37m<-- GET /wd/hub/session/57856d82-3c42-492e-8a66-22173b9f23f7/element/00000000-0000-0242-0000-1fdc000000d1/location [39m[32m200[39m [90m34 ms - 78[39m
[35m[HTTP][39m [90m[39m
[35m[HTTP][39m [37m-->[39m [37mPOST[39m [37m/wd/hub/session/57856d82-3c42-492e-8a66-22173b9f23f7/element/00000000-0000-0242-0000-1fdc000000d1/click[39m
[35m[HTTP][39m [90m{"id":"00000000-0000-0242-0000-1fdc000000d1"}[39m
[35m[HTTP][39m [37m<-- POST /wd/hub/session/57856d82-3c42-492e-8a66-22173b9f23f7/element/00000000-0000-0242-0000-1fdc000000d1/click [39m[32m200[39m [90m63 ms - 14[39m
[35m[HTTP][39m [90m[39m
[35m[HTTP][39m [37m-->[39m [37mGET[39m [37m/wd/hub/session/57856d82-3c42-492e-8a66-22173b9f23f7/source[39m
[35m[HTTP][39m [90m{}[39m
[35m[W3C (57856d82)][39m Driver proxy active, passing request on via HTTP proxy
[35m[WD Proxy][39m Replacing sessionId 5a8dcbbc-ea23-4ea8-a005-eb62b35905f3 with 57856d82-3c42-492e-8a66-22173b9f23f7
[35m[HTTP][39m [37m<-- GET /wd/hub/session/57856d82-3c42-492e-8a66-22173b9f23f7/source [39m[32m200[39m [90m1063 ms - 42638[39m
[35m[HTTP][39m [90m[39m
[35m[HTTP][39m [37m-->[39m [37mGET[39m [37m/wd/hub/session/57856d82-3c42-492e-8a66-22173b9f23f7/screenshot[39m
[35m[HTTP][39m [90m{}[39m
[35m[HTTP][39m [37m<-- GET /wd/hub/session/57856d82-3c42-492e-8a66-22173b9f23f7/screenshot [39m[32m200[39m [90m807 ms - 336394[39m
[35m[HTTP][39m [90m[39m
[35m[HTTP][39m [37m-->[39m [37mGET[39m [37m/wd/hub/session/57856d82-3c42-492e-8a66-22173b9f23f7/source[39m
[35m[HTTP][39m [90m{}[39m
[35m[W3C (57856d82)][39m Driver proxy active, passing request on via HTTP proxy
[35m[WD Proxy][39m Replacing sessionId 5a8dcbbc-ea23-4ea8-a005-eb62b35905f3 with 57856d82-3c42-492e-8a66-22173b9f23f7
[35m[HTTP][39m [37m<-- GET /wd/hub/session/57856d82-3c42-492e-8a66-22173b9f23f7/source [39m[32m200[39m [90m767 ms - 39822[39m
[35m[HTTP][39m [90m[39m
[35m[HTTP][39m [37m-->[39m [37mGET[39m [37m/wd/hub/session/57856d82-3c42-492e-8a66-22173b9f23f7/screenshot[39m
[35m[HTTP][39m [90m{}[39m
[35m[HTTP][39m [37m<-- GET /wd/hub/session/57856d82-3c42-492e-8a66-22173b9f23f7/screenshot [39m[32m200[39m [90m727 ms - 241878[39m
[35m[HTTP][39m [90m[39m
[35m[HTTP][39m [37m-->[39m [37mPOST[39m [37m/wd/hub/session/57856d82-3c42-492e-8a66-22173b9f23f7/elements[39m
[35m[HTTP][39m [90m{"using":"xpath","value":"//*[@class = 'android.widget.TextView' and (@text = 'Street address, apartment, suite, floor, etc' or . = 'Street address, apartment, suite, floor, etc')]"}[39m
[35m[HTTP][39m [37m<-- POST /wd/hub/session/57856d82-3c42-492e-8a66-22173b9f23f7/elements [39m[32m200[39m [90m60075 ms - 12[39m
[35m[HTTP][39m [90m[39m
[35m[HTTP][39m [37m-->[39m [37mPOST[39m [37m/wd/hub/session/57856d82-3c42-492e-8a66-22173b9f23f7/elements[39m
[35m[HTTP][39m [90m{"using":"-android uiautomator","value":"new UiSelector().className(\"android.widget.TextView\").text(\"Street address, apartment, suite, floor, etc\")"}[39m
[35m[HTTP][39m [37m<-- POST /wd/hub/session/57856d82-3c42-492e-8a66-22173b9f23f7/elements [39m[32m200[39m [90m60059 ms - 12[39m
[35m[HTTP][39m [90m[39m
[35m[HTTP][39m [37m-->[39m [37mGET[39m [37m/wd/hub/session/57856d82-3c42-492e-8a66-22173b9f23f7/window/rect[39m
[35m[HTTP][39m [90m{}[39m
[35m[HTTP][39m [37m<-- GET /wd/hub/session/57856d82-3c42-492e-8a66-22173b9f23f7/window/rect [39m[32m200[39m [90m19 ms - 50[39m
[35m[HTTP][39m [90m[39m
[35m[HTTP][39m [37m-->[39m [37mPOST[39m [37m/wd/hub/session/57856d82-3c42-492e-8a66-22173b9f23f7/elements[39m
[35m[HTTP][39m [90m{"using":"xpath","value":"//hierarchy/android.widget.FrameLayout[1]/android.widget.LinearLayout[1]/android.widget.FrameLayout[1]/android.widget.FrameLayout[1]/android.widget.FrameLayout[1]/android.widget.FrameLayout[2]/android.view.ViewGroup[1]/android.widget.FrameLayout[1]/android.widget.FrameLayout[1]/android.widget.FrameLayout[1]/com.miui.webkit.WebView[1]/android.webkit.WebView[1]/android.view.View[1]/android.view.View[1]/android.view.View[1]/android.view.View[1]/android.view.View[1]/android.view.View[1]/android.view.View[2]/android.view.View[8]/android.view.View[1]/android.widget.TextView[1]"}[39m
[35m[HTTP][39m [37m<-- POST /wd/hub/session/57856d82-3c42-492e-8a66-22173b9f23f7/elements [39m[32m200[39m [90m60086 ms - 12[39m
[35m[HTTP][39m [90m[39m
[35m[HTTP][39m [37m-->[39m [37mPOST[39m [37m/wd/hub/session/57856d82-3c42-492e-8a66-22173b9f23f7/elements[39m
[35m[HTTP][39m [90m{"using":"xpath","value":"//*[@class = 'android.widget.EditText' and @resource-id = 'ec-address-line1' and (@text = '' or . = '')]"}[39m
[35m[HTTP][39m [37m<-- POST /wd/hub/session/57856d82-3c42-492e-8a66-22173b9f23f7/elements [39m[32m200[39m [90m60079 ms - 12[39m
[35m[HTTP][39m [90m[39m
[35m[HTTP][39m [37m-->[39m [37mPOST[39m [37m/wd/hub/session/57856d82-3c42-492e-8a66-22173b9f23f7/elements[39m
[35m[HTTP][39m [90m{"using":"id","value":"ec-address-line1"}[39m
[35m[HTTP][39m [37m<-- POST /wd/hub/session/57856d82-3c42-492e-8a66-22173b9f23f7/elements [39m[32m200[39m [90m60436 ms - 12[39m
[35m[HTTP][39m [90m[39m
[35m[HTTP][39m [37m-->[39m [37mPOST[39m [37m/wd/hub/session/57856d82-3c42-492e-8a66-22173b9f23f7/elements[39m
[35m[HTTP][39m [90m{"using":"-android uiautomator","value":"new UiSelector().className(\"android.widget.EditText\").resourceId(\"ec-address-line1\")"}[39m
[35m[HTTP][39m [37m<-- POST /wd/hub/session/57856d82-3c42-492e-8a66-22173b9f23f7/elements [39m[32m200[39m [90m60052 ms - 12[39m
[35m[HTTP][39m [90m[39m
[35m[HTTP][39m [37m-->[39m [37mGET[39m [37m/wd/hub/session/57856d82-3c42-492e-8a66-22173b9f23f7/window/rect[39m
[35m[HTTP][39m [90m{}[39m
[35m[HTTP][39m [37m<-- GET /wd/hub/session/57856d82-3c42-492e-8a66-22173b9f23f7/window/rect [39m[32m200[39m [90m39 ms - 50[39m
[35m[HTTP][39m [90m[39m
[35m[HTTP][39m [37m-->[39m [37mPOST[39m [37m/wd/hub/session/57856d82-3c42-492e-8a66-22173b9f23f7/elements[39m
[35m[HTTP][39m [90m{"using":"xpath","value":"//hierarchy/android.widget.FrameLayout[1]/android.widget.LinearLayout[1]/android.widget.FrameLayout[1]/android.widget.FrameLayout[1]/android.widget.FrameLayout[1]/android.widget.FrameLayout[2]/android.view.ViewGroup[1]/android.widget.FrameLayout[1]/android.widget.FrameLayout[1]/android.widget.FrameLayout[1]/com.miui.webkit.WebView[1]/android.webkit.WebView[1]/android.view.View[1]/android.view.View[1]/android.view.View[1]/android.view.View[1]/android.view.View[1]/android.view.View[1]/android.view.View[2]/android.view.View[8]/android.widget.EditText[1]"}[39m
[35m[HTTP][39m [37m<-- POST /wd/hub/session/57856d82-3c42-492e-8a66-22173b9f23f7/elements [39m[32m200[39m [90m60005 ms - 12[39m
[35m[HTTP][39m [90m[39m
[35m[HTTP][39m [37m-->[39m [37mDELETE[39m [37m/wd/hub/session/57856d82-3c42-492e-8a66-22173b9f23f7[39m
[35m[HTTP][39m [90m{}[39m
[35m[Appium][39m Removing session 57856d82-3c42-492e-8a66-22173b9f23f7 from our master session list
[35m[UiAutomator2][39m Restoring hidden api policy to the device default configuration
[35m[HTTP][39m [37m<-- DELETE /wd/hub/session/57856d82-3c42-492e-8a66-22173b9f23f7 [39m[32m200[39m [90m473 ms - 14[39m
[35m[HTTP][39m [90m[39m
